2026-04-20 07:21:49 info: [DB] Billing database ready
2026-04-20 07:21:50 info: Attempting to start server on configured port: 3001
2026-04-20 07:21:50 info: Mencoba memulai server pada port 3001...
2026-04-20 07:21:50 info: [CRON] Semua tugas penjadwalan telah aktif.
2026-04-20 07:21:50 info: Server berhasil berjalan pada port 3001
2026-04-20 07:21:50 info: Environment: development
2026-04-20 07:21:51 info: [WA] Connection Update: connecting
2026-04-20 07:21:52 info: [WA] QR Code Baru Dihasilkan: 2@vwcllUaVjAlET1JsZL...
2026-04-20 07:22:18 error: Failed to connect to MikroTik (192.168.8.1):
2026-04-20 07:22:18 error: Error getting PPPoE secrets:
2026-04-20 07:22:18 error: Failed to connect to MikroTik (192.168.8.1):
2026-04-20 07:22:18 error: Error getting active Hotspot sessions:
2026-04-20 07:22:18 error: Failed to connect to MikroTik (192.168.8.1):
2026-04-20 07:22:18 error: Error getting active PPPoE sessions:
2026-04-20 07:22:18 error: Failed to connect to MikroTik (192.168.8.1):
2026-04-20 07:22:18 error: Error getting Hotspot users:
2026-04-20 07:22:18 error: Failed to connect to MikroTik (192.168.8.1):
2026-04-20 07:22:18 error: Error getting PPPoE profiles:
2026-04-20 07:22:18 error: Failed to connect to MikroTik (192.168.8.1):
2026-04-20 07:22:18 error: Error getting Hotspot profiles:
2026-04-20 07:22:52 info: [WA] QR Code Baru Dihasilkan: 2@f5awL+K4EvHFEd9Bkp...
2026-04-20 07:23:12 info: [WA] QR Code Baru Dihasilkan: 2@3Y8f+qTZjb68DGkl2d...
2026-04-20 07:23:16 error: Failed to connect to MikroTik (192.168.8.1):
2026-04-20 07:23:16 error: Error getting PPPoE secrets:
2026-04-20 07:23:16 error: Failed to connect to MikroTik (192.168.8.1):
2026-04-20 07:23:16 error: Error getting Hotspot profiles:
2026-04-20 07:23:16 error: Failed to connect to MikroTik (192.168.8.1):
2026-04-20 07:23:16 error: Error getting Hotspot users:
2026-04-20 07:23:16 error: Failed to connect to MikroTik (192.168.8.1):
2026-04-20 07:23:16 error: Error getting PPPoE profiles:
2026-04-20 07:23:16 error: Failed to connect to MikroTik (192.168.8.1):
2026-04-20 07:23:16 error: Error getting active PPPoE sessions:
2026-04-20 07:23:16 error: Failed to connect to MikroTik (192.168.8.1):
2026-04-20 07:23:16 error: Error getting active Hotspot sessions:
2026-04-20 07:23:32 info: [WA] QR Code Baru Dihasilkan: 2@w8qD2M8UxxrZUu3luB...
2026-04-20 07:23:33 error: Failed to connect to MikroTik (192.168.8.1):
2026-04-20 07:23:33 error: Error getting PPPoE users:
2026-04-20 07:23:33 error: Failed to connect to MikroTik (192.168.8.1):
2026-04-20 07:23:33 error: Error getting PPPoE profiles:
2026-04-20 07:23:35 error: Failed to connect to MikroTik (192.168.8.1):
2026-04-20 07:23:35 error: Error getting PPPoE profiles:
2026-04-20 07:23:52 info: [WA] QR Code Baru Dihasilkan: 2@dAE8Yqxj7LwVy6K88/...
2026-04-20 07:24:12 info: [WA] QR Code Baru Dihasilkan: 2@TNWg92/N0qowdW3uky...
2026-04-20 07:24:32 info: [WA] Connection Update: close
2026-04-20 07:24:32 warn: WhatsApp terputus (kode 408). Mencoba reconnect dalam 3 detik...
2026-04-20 07:24:35 info: [WA] Connection Update: connecting
2026-04-20 07:24:36 info: [WA] QR Code Baru Dihasilkan: 2@o4GAOpe1F4AGUp8Rge...
2026-04-20 07:25:36 info: [WA] QR Code Baru Dihasilkan: 2@duVgiNZeSHeaRgv1I0...
2026-04-20 07:25:56 info: [WA] QR Code Baru Dihasilkan: 2@znhcMYSrx7yAlTKOhQ...
2026-04-20 07:26:17 info: [WA] QR Code Baru Dihasilkan: 2@2FZ7cQyLkm19ygh3Jb...
2026-04-20 07:26:37 info: [WA] QR Code Baru Dihasilkan: 2@fkoVqZcBAs1ErGZCeH...
2026-04-20 07:26:57 info: [WA] QR Code Baru Dihasilkan: 2@G2y7YqnuVQjMybrsM9...
2026-04-20 07:27:17 info: [WA] Connection Update: close
2026-04-20 07:27:17 warn: WhatsApp terputus (kode 408). Mencoba reconnect dalam 3 detik...
2026-04-20 07:27:20 info: [WA] Connection Update: connecting
2026-04-20 07:27:20 info: [WA] QR Code Baru Dihasilkan: 2@IUJMAQ3YAGu+jjuNiY...
2026-04-20 07:28:21 info: [WA] QR Code Baru Dihasilkan: 2@NFP4Rxx1l+3kD3lIRr...
2026-04-20 07:28:41 info: [WA] QR Code Baru Dihasilkan: 2@XRm42Q16aKqFwRTbaH...
2026-04-20 07:29:01 info: [WA] QR Code Baru Dihasilkan: 2@ZibeZhmvcTops0QgFv...
2026-04-20 07:29:21 info: [WA] QR Code Baru Dihasilkan: 2@xEUgO8kfaV6mouqriB...
2026-04-20 07:29:41 info: [WA] QR Code Baru Dihasilkan: 2@gVzXg29oSIgKCRdDO1...
2026-04-20 07:30:01 info: [WA] Connection Update: close
2026-04-20 07:30:01 warn: WhatsApp terputus (kode 408). Mencoba reconnect dalam 3 detik...
2026-04-20 07:30:04 info: [WA] Connection Update: connecting
2026-04-20 07:30:05 info: [WA] QR Code Baru Dihasilkan: 2@+dda1119REqHLByzTQ...
2026-04-20 07:31:05 info: [WA] QR Code Baru Dihasilkan: 2@gmlOP/VOvLXR83xnbN...
2026-04-20 07:31:25 info: [WA] QR Code Baru Dihasilkan: 2@nRlCD85CuMxP4QPy1C...
2026-04-20 07:31:45 info: [WA] QR Code Baru Dihasilkan: 2@GHgOLueZwcozctqmly...
2026-04-20 07:32:05 info: [WA] QR Code Baru Dihasilkan: 2@WGw+mhdBZNHPIdV34s...
2026-04-20 07:32:25 info: [WA] QR Code Baru Dihasilkan: 2@unY5SbVqDfUITaR222...
2026-04-20 07:32:45 info: [WA] Connection Update: close
2026-04-20 07:32:45 warn: WhatsApp terputus (kode 408). Mencoba reconnect dalam 3 detik...
2026-04-20 07:32:48 info: [WA] Connection Update: connecting
2026-04-20 07:32:49 info: [WA] QR Code Baru Dihasilkan: 2@G0KW7ggxRd+0ff/rWx...
2026-04-20 07:33:49 info: [WA] QR Code Baru Dihasilkan: 2@2d6M2rvyZbNODFBmvu...
2026-04-20 07:34:09 info: [WA] QR Code Baru Dihasilkan: 2@bjQEOy/3dX9Avhxsmk...
2026-04-20 07:34:29 info: [WA] QR Code Baru Dihasilkan: 2@EUC8F0NwM810cPR1b3...
2026-04-20 07:34:49 info: [WA] QR Code Baru Dihasilkan: 2@SXB6MTLPcJXTp77oq1...
2026-04-20 07:35:09 info: [WA] QR Code Baru Dihasilkan: 2@6OIJ/VUoTFV0bxg7qT...
2026-04-20 07:35:29 info: [WA] Connection Update: close
2026-04-20 07:35:29 warn: WhatsApp terputus (kode 408). Mencoba reconnect dalam 3 detik...
2026-04-20 07:35:32 info: [WA] Connection Update: connecting
2026-04-20 07:35:33 info: [WA] QR Code Baru Dihasilkan: 2@boWhP6zyh9SMj8/6aZ...
2026-04-20 07:36:33 info: [WA] QR Code Baru Dihasilkan: 2@Mrhu3/F3mOip0t1s3p...
2026-04-20 07:36:53 info: [WA] QR Code Baru Dihasilkan: 2@Fx02NsrILBYz3VYh/W...
2026-04-20 07:37:13 info: [WA] QR Code Baru Dihasilkan: 2@EU0Hh4jzm9QKRKQtzS...
2026-04-20 07:37:33 info: [WA] QR Code Baru Dihasilkan: 2@qf9afOdceC3QZ4IGWU...
2026-04-20 07:37:53 info: [WA] QR Code Baru Dihasilkan: 2@5l2nuRcwr0yfXj9QSn...
2026-04-20 07:38:13 info: [WA] Connection Update: close
2026-04-20 07:38:13 warn: WhatsApp terputus (kode 408). Mencoba reconnect dalam 3 detik...
2026-04-20 07:38:16 info: [WA] Connection Update: connecting
2026-04-20 07:38:17 info: [WA] QR Code Baru Dihasilkan: 2@ufQDzjcdkial6wM2fj...
2026-04-20 07:39:17 info: [WA] QR Code Baru Dihasilkan: 2@KAlkqEp6/rrm5+D3yo...
2026-04-20 07:39:37 info: [WA] QR Code Baru Dihasilkan: 2@wvOH8bklKsfrUh0Cn4...
2026-04-20 07:39:57 info: [WA] QR Code Baru Dihasilkan: 2@2KTPBkns1oFOG8TDJO...
2026-04-20 07:40:15 error: Failed to connect to MikroTik (192.168.8.1):
2026-04-20 07:40:15 error: Error getting PPPoE profiles:
2026-04-20 07:40:17 info: [WA] QR Code Baru Dihasilkan: 2@ohgEMMmaTp8eeRerCZ...
2026-04-20 07:40:37 info: [WA] QR Code Baru Dihasilkan: 2@H0rVgF/8X4wfhOQvaz...
2026-04-20 07:40:57 info: [WA] Connection Update: close
2026-04-20 07:40:57 warn: WhatsApp terputus (kode 408). Mencoba reconnect dalam 3 detik...
2026-04-20 07:41:00 info: [WA] Connection Update: connecting
2026-04-20 07:41:01 info: [WA] QR Code Baru Dihasilkan: 2@E7D9Y3hgEzaFn093hx...
2026-04-20 07:42:01 info: [WA] QR Code Baru Dihasilkan: 2@7wt6gZvekitSJofltM...
2026-04-20 07:42:21 info: [WA] QR Code Baru Dihasilkan: 2@yGG6z5rgMBiix8mY9U...
2026-04-20 07:42:41 info: [WA] QR Code Baru Dihasilkan: 2@VsnA88586xm18VD0NL...
2026-04-20 07:43:01 info: [WA] QR Code Baru Dihasilkan: 2@TplFPQca+cXUapOcZm...
2026-04-20 07:43:21 info: [WA] QR Code Baru Dihasilkan: 2@1lNkG+kh1UMkltloZn...
2026-04-20 07:43:41 info: [WA] Connection Update: close
2026-04-20 07:43:41 warn: WhatsApp terputus (kode 408). Mencoba reconnect dalam 3 detik...
2026-04-20 07:43:44 info: [WA] Connection Update: connecting
2026-04-20 07:43:45 info: [WA] QR Code Baru Dihasilkan: 2@DDykL0mI0+7edPqp4P...
2026-04-20 07:44:45 info: [WA] QR Code Baru Dihasilkan: 2@UAYb0y/MXsU7FWQEYQ...
2026-04-20 07:45:05 info: [WA] QR Code Baru Dihasilkan: 2@4F0XNlPYU1n4qIT5+P...
2026-04-20 07:45:25 info: [WA] QR Code Baru Dihasilkan: 2@FgNg65L7EsT4EZ6dm8...
2026-04-20 07:45:45 info: [WA] QR Code Baru Dihasilkan: 2@mdjOoOTkOS4s2iM8f5...
2026-04-20 07:46:05 info: [WA] QR Code Baru Dihasilkan: 2@XqSNipQ7aWiNzy6Ek0...
2026-04-20 07:46:26 info: [WA] Connection Update: close
2026-04-20 07:46:26 warn: WhatsApp terputus (kode 408). Mencoba reconnect dalam 3 detik...
2026-04-20 07:46:29 info: [WA] Connection Update: connecting
2026-04-20 07:46:30 info: [WA] QR Code Baru Dihasilkan: 2@P09OHsuk2QrZKL6Pq6...
2026-04-20 07:47:30 info: [WA] QR Code Baru Dihasilkan: 2@c6iV1WgU2HhbCIUAgs...
2026-04-20 07:47:50 info: [WA] QR Code Baru Dihasilkan: 2@IuVultQU2Ju6zMTaNz...
2026-04-20 07:48:10 info: [WA] QR Code Baru Dihasilkan: 2@DN5l8U1kEJJ5cOMmfS...
2026-04-20 07:48:30 info: [WA] QR Code Baru Dihasilkan: 2@jV4uaO/AJH1ELKcT5e...
2026-04-20 07:48:50 info: [WA] QR Code Baru Dihasilkan: 2@NQZJObe+WtRV+KV4jf...
2026-04-20 07:49:10 info: [WA] Connection Update: close
2026-04-20 07:49:10 warn: WhatsApp terputus (kode 408). Mencoba reconnect dalam 3 detik...
2026-04-20 07:49:13 info: [WA] Connection Update: connecting
2026-04-20 07:49:14 info: [WA] QR Code Baru Dihasilkan: 2@ckp4p3rrBfM/nXVZ0r...
2026-04-20 07:50:14 info: [WA] QR Code Baru Dihasilkan: 2@ludqqyptv9+f869ylh...
2026-04-20 07:50:34 info: [WA] QR Code Baru Dihasilkan: 2@lHqTj1+PiHxuP8vAv+...
2026-04-20 07:50:54 info: [WA] QR Code Baru Dihasilkan: 2@CBFfIMgXawaWkSqqOy...
2026-04-20 07:51:14 info: [WA] QR Code Baru Dihasilkan: 2@W8fawk6hPH5EbLeG4X...
2026-04-20 07:51:34 info: [WA] QR Code Baru Dihasilkan: 2@SzVwGS4y45LbQk90qv...
2026-04-20 07:51:55 info: [WA] Connection Update: close
2026-04-20 07:51:55 warn: WhatsApp terputus (kode 408). Mencoba reconnect dalam 3 detik...
2026-04-20 07:51:58 info: [WA] Connection Update: connecting
2026-04-20 07:51:58 info: [WA] QR Code Baru Dihasilkan: 2@FGZykK+18FttQ/ACmy...
2026-04-20 07:52:58 info: [WA] QR Code Baru Dihasilkan: 2@r5cQaTFZnvu2G8JmxU...
2026-04-20 07:53:18 info: [WA] QR Code Baru Dihasilkan: 2@qhgZz66cDxNOSkAHG9...
2026-04-20 07:53:38 info: [WA] QR Code Baru Dihasilkan: 2@OY/5VwRDXDF0Md+ZGi...
2026-04-20 07:53:58 info: [WA] QR Code Baru Dihasilkan: 2@+z3JdOKwwxmGAYa9cr...
2026-04-20 07:54:18 info: [WA] QR Code Baru Dihasilkan: 2@WZiCQMuyAHk5ukcxuR...
2026-04-20 07:54:38 info: [WA] Connection Update: close
2026-04-20 07:54:38 warn: WhatsApp terputus (kode 408). Mencoba reconnect dalam 3 detik...
2026-04-20 07:54:42 info: [WA] Connection Update: connecting
2026-04-20 07:54:42 info: [WA] QR Code Baru Dihasilkan: 2@GphUrmPD6127ysLehq...
2026-04-20 07:55:42 info: [WA] QR Code Baru Dihasilkan: 2@xUC4AlTfLeJnw6GemS...
2026-04-20 07:56:02 info: [WA] QR Code Baru Dihasilkan: 2@4BgXTzFsmGmgK9P/Xv...
2026-04-20 07:56:23 info: [WA] QR Code Baru Dihasilkan: 2@FcfAEXOtn9hJkqOytz...
2026-04-20 07:56:43 info: [WA] QR Code Baru Dihasilkan: 2@GA1eO1jNkkGWKVbjLb...
2026-04-20 07:57:03 info: [WA] QR Code Baru Dihasilkan: 2@vICv/SmUObWlzrSCwe...
2026-04-20 07:57:23 info: [WA] Connection Update: close
2026-04-20 07:57:23 warn: WhatsApp terputus (kode 408). Mencoba reconnect dalam 3 detik...
2026-04-20 07:57:26 info: [WA] Connection Update: connecting
2026-04-20 07:57:26 info: [WA] QR Code Baru Dihasilkan: 2@uE7vxx3h8bCiMb6Gsh...
2026-04-20 07:58:26 info: [WA] QR Code Baru Dihasilkan: 2@zuNWGEuYGU6UNJXI4q...
2026-04-20 07:58:46 info: [WA] QR Code Baru Dihasilkan: 2@DF5GhH/TLO0xW1kceC...
2026-04-20 07:59:07 info: [WA] QR Code Baru Dihasilkan: 2@B2Q7bqOyB4MCFAGgRs...
2026-04-20 07:59:27 info: [WA] QR Code Baru Dihasilkan: 2@XRj/ma9ZZhZme4OlcY...
2026-04-20 07:59:47 info: [WA] QR Code Baru Dihasilkan: 2@pXw7FH/0jNUFs8x8f1...
2026-04-20 08:00:07 info: [WA] Connection Update: close
2026-04-20 08:00:07 warn: WhatsApp terputus (kode 408). Mencoba reconnect dalam 3 detik...
2026-04-20 08:00:10 info: [WA] Connection Update: connecting
2026-04-20 08:00:11 info: [WA] QR Code Baru Dihasilkan: 2@cG7WovJHhRi+dc9vW4...
2026-04-20 08:01:11 info: [WA] QR Code Baru Dihasilkan: 2@Y8YRGCbY1HDomaS9tF...
2026-04-20 08:01:31 info: [WA] QR Code Baru Dihasilkan: 2@BJX9UQ3RQdD3FPxj65...
2026-04-20 08:01:51 info: [WA] QR Code Baru Dihasilkan: 2@KfiQnaRbURqZ7aZrIA...
2026-04-20 08:02:11 info: [WA] QR Code Baru Dihasilkan: 2@JCD/P2av3Dy3REVoP2...
2026-04-20 08:02:31 info: [WA] QR Code Baru Dihasilkan: 2@X3gPVS6sdaC7N4uBKM...
2026-04-20 08:02:51 info: [WA] Connection Update: close
2026-04-20 08:02:51 warn: WhatsApp terputus (kode 408). Mencoba reconnect dalam 3 detik...
2026-04-20 08:02:54 info: [WA] Connection Update: connecting
2026-04-20 08:02:55 info: [WA] QR Code Baru Dihasilkan: 2@0XQUym85lOlxQsYJcW...
2026-04-20 08:03:55 info: [WA] QR Code Baru Dihasilkan: 2@qMNdm6IebbEqFbJMX7...
2026-04-20 08:04:15 info: [WA] QR Code Baru Dihasilkan: 2@pwCDDRyX4d/S987V3s...
2026-04-20 08:04:35 info: [WA] QR Code Baru Dihasilkan: 2@R1m/dcERc51GhW33uF...
2026-04-20 08:04:55 info: [WA] QR Code Baru Dihasilkan: 2@sCfGqYjFWWKSB08DaO...
2026-04-20 08:05:15 info: [WA] QR Code Baru Dihasilkan: 2@QX+ptbx8ApbPVMhv8L...
2026-04-20 08:05:35 info: [WA] Connection Update: close
2026-04-20 08:05:35 warn: WhatsApp terputus (kode 408). Mencoba reconnect dalam 3 detik...
2026-04-20 08:05:38 info: [WA] Connection Update: connecting
2026-04-20 08:05:39 info: [WA] QR Code Baru Dihasilkan: 2@lHflUwJiB9CPewrcnp...
2026-04-20 08:06:39 info: [WA] QR Code Baru Dihasilkan: 2@CUmG0DuFkRGwej07VU...
2026-04-20 08:06:59 info: [WA] QR Code Baru Dihasilkan: 2@gVFRm3SBEWlaTLx62J...
2026-04-20 08:07:19 info: [WA] QR Code Baru Dihasilkan: 2@N0hbVIWJsXSDjjFh/I...
2026-04-20 08:07:27 info: [DB] Billing database ready
2026-04-20 08:07:28 info: Attempting to start server on configured port: 3001
2026-04-20 08:07:28 info: Mencoba memulai server pada port 3001...
2026-04-20 08:07:28 info: [CRON] Semua tugas penjadwalan telah aktif.
2026-04-20 08:07:28 info: Server berhasil berjalan pada port 3001
2026-04-20 08:07:28 info: Environment: development
2026-04-20 08:07:29 info: [WA] Connection Update: connecting
2026-04-20 08:07:30 info: [WA] QR Code Baru Dihasilkan: 2@7R/boU5ZHTrFhcNalE...
2026-04-20 08:08:30 info: [WA] QR Code Baru Dihasilkan: 2@EtwQJ/5BuYtiGukbk5...
2026-04-20 08:08:50 info: [WA] QR Code Baru Dihasilkan: 2@smIjEignbcVykplMHW...
2026-04-20 08:09:10 info: [WA] QR Code Baru Dihasilkan: 2@eprW9oJRNKdYrMhyA4...
2026-04-20 08:09:30 info: [WA] QR Code Baru Dihasilkan: 2@eGCtWSL2cJ0P0b0uzW...
2026-04-20 08:09:50 info: [WA] QR Code Baru Dihasilkan: 2@xJx3FYoGGI2BocbgZw...
2026-04-20 08:10:10 info: [WA] Connection Update: close
2026-04-20 08:10:10 warn: WhatsApp terputus (kode 408). Mencoba reconnect dalam 3 detik...
2026-04-20 08:10:14 info: [WA] Connection Update: connecting
2026-04-20 08:10:15 info: [WA] QR Code Baru Dihasilkan: 2@AGIH7I427GDYsoyLPa...
2026-04-20 08:11:15 info: [WA] QR Code Baru Dihasilkan: 2@rRWtPGL9/FzHjXrBtJ...
2026-04-20 08:11:35 info: [WA] QR Code Baru Dihasilkan: 2@qYXu+X95blgm+uMcS1...
2026-04-20 08:11:55 info: [WA] QR Code Baru Dihasilkan: 2@0QOFfDpJZZ9mr52Le7...
2026-04-20 08:12:15 info: [WA] QR Code Baru Dihasilkan: 2@fIVReaBUlS54qJHVe5...
2026-04-20 08:12:35 info: [WA] QR Code Baru Dihasilkan: 2@9xA9MMl8jkZZbBrFB0...
2026-04-20 08:12:55 info: [WA] Connection Update: close
2026-04-20 08:12:55 warn: WhatsApp terputus (kode 408). Mencoba reconnect dalam 3 detik...
2026-04-20 08:12:58 info: [WA] Connection Update: connecting
2026-04-20 08:12:59 info: [WA] QR Code Baru Dihasilkan: 2@/cBQw9BI5ZbRubG/LN...
2026-04-20 08:13:59 info: [WA] QR Code Baru Dihasilkan: 2@ml79PFUpDtnt9MMRUV...
2026-04-20 08:14:19 info: [WA] QR Code Baru Dihasilkan: 2@F5CVYWTehO5WiVhQ3O...
2026-04-20 08:14:39 info: [WA] QR Code Baru Dihasilkan: 2@H/wjPANgK8AHyW2hWq...
2026-04-20 08:14:50 error: Failed to connect to MikroTik (192.168.8.1):
2026-04-20 08:14:50 error: Error getting PPPoE profiles:
2026-04-20 08:14:50 error: Failed to connect to MikroTik (192.168.8.1):
2026-04-20 08:14:50 error: Error getting PPPoE users:
2026-04-20 08:14:59 info: [WA] QR Code Baru Dihasilkan: 2@LnEt2J8kPBPNvZu5Yi...
2026-04-20 08:15:06 error: Failed to connect to MikroTik (192.168.8.1):
2026-04-20 08:15:06 error: Error getting PPPoE profiles:
2026-04-20 08:15:19 info: [WA] QR Code Baru Dihasilkan: 2@E5d4LpEsNTtPjlM4Pj...
2026-04-20 08:15:39 info: [WA] Connection Update: close
2026-04-20 08:15:39 warn: WhatsApp terputus (kode 408). Mencoba reconnect dalam 3 detik...
2026-04-20 08:15:42 info: [WA] Connection Update: connecting
2026-04-20 08:15:43 info: [WA] QR Code Baru Dihasilkan: 2@fEJuVsj+IY0ykGEKBn...
2026-04-20 08:16:43 info: [WA] QR Code Baru Dihasilkan: 2@CSFMD6mVVL20cYrDNH...
2026-04-20 08:17:03 info: [WA] QR Code Baru Dihasilkan: 2@JJTMNkgYznlMksFKlG...
2026-04-20 08:17:23 info: [WA] QR Code Baru Dihasilkan: 2@L1PKJM0ZTc8xfih4GU...
2026-04-20 08:17:43 info: [WA] QR Code Baru Dihasilkan: 2@9jD36NDFMg+MJFpdYc...
2026-04-20 08:18:03 info: [WA] QR Code Baru Dihasilkan: 2@HyBgLgGFd712+DA0zy...
2026-04-20 08:18:23 info: [WA] Connection Update: close
2026-04-20 08:18:23 warn: WhatsApp terputus (kode 408). Mencoba reconnect dalam 3 detik...
2026-04-20 08:18:26 info: [WA] Connection Update: connecting
2026-04-20 08:18:27 info: [WA] QR Code Baru Dihasilkan: 2@voIh/a9lzyr7xazGJD...
2026-04-20 08:19:27 info: [WA] QR Code Baru Dihasilkan: 2@NAP9Fc3cAQ/7SkK3n6...
2026-04-20 08:19:47 info: [WA] QR Code Baru Dihasilkan: 2@AU/OwwoIlsvEBTpXvt...
2026-04-20 08:20:07 info: [WA] QR Code Baru Dihasilkan: 2@ZFEmdUdWQ/iUvyb5uO...
2026-04-20 08:20:27 info: [DB] Billing database ready
2026-04-20 08:20:27 info: Attempting to start server on configured port: 3001
2026-04-20 08:20:27 info: Mencoba memulai server pada port 3001...
2026-04-20 08:20:27 info: [CRON] Semua tugas penjadwalan telah aktif.
2026-04-20 08:20:27 info: Server berhasil berjalan pada port 3001
2026-04-20 08:20:27 info: Environment: development
2026-04-20 08:20:28 info: [WA] Connection Update: connecting
2026-04-20 08:20:29 info: [WA] QR Code Baru Dihasilkan: 2@RsKCvfdCEyuXdy6PGe...
2026-04-20 08:21:29 info: [WA] QR Code Baru Dihasilkan: 2@O4KPrD6bUHbuGM97vS...
2026-04-20 08:21:49 info: [WA] QR Code Baru Dihasilkan: 2@T+CUSsxE3n3GKdTe5c...
2026-04-20 08:22:09 info: [WA] QR Code Baru Dihasilkan: 2@/w10+mhgwKecPtAaSL...
2026-04-20 08:22:29 info: [WA] QR Code Baru Dihasilkan: 2@/g9iXmycLuiObvJYnW...
2026-04-20 08:22:49 info: [WA] QR Code Baru Dihasilkan: 2@Po6hUMsMRwyVP44bVT...
2026-04-20 08:23:09 info: [WA] Connection Update: close
2026-04-20 08:23:09 warn: WhatsApp terputus (kode 408). Mencoba reconnect dalam 3 detik...
2026-04-20 08:23:13 info: [WA] Connection Update: connecting
2026-04-20 08:23:14 info: [WA] QR Code Baru Dihasilkan: 2@snwNnn/A7Ft6vVg8L/...
2026-04-20 08:24:14 info: [WA] QR Code Baru Dihasilkan: 2@2bwpoPgWuwlfsQJX8U...
2026-04-20 08:24:34 info: [WA] QR Code Baru Dihasilkan: 2@etrCkcit36SoFTFzje...
2026-04-20 08:24:54 info: [WA] QR Code Baru Dihasilkan: 2@zOCeELpLNBbrENha5d...
2026-04-20 08:25:14 info: [WA] QR Code Baru Dihasilkan: 2@SJecsAsJjG2tvmxeOn...
2026-04-20 08:25:34 info: [WA] QR Code Baru Dihasilkan: 2@Ttq/oeLCaWmmvTtyhW...
2026-04-20 08:25:54 info: [WA] Connection Update: close
2026-04-20 08:25:54 warn: WhatsApp terputus (kode 408). Mencoba reconnect dalam 3 detik...
2026-04-20 08:25:57 info: [WA] Connection Update: connecting
2026-04-20 08:25:58 info: [WA] QR Code Baru Dihasilkan: 2@/i9zyvjcbfdMp3ykyS...
2026-04-20 08:26:58 info: [WA] QR Code Baru Dihasilkan: 2@+8mKMe0ZdWdrFTeN4P...
2026-04-20 08:27:18 info: [WA] QR Code Baru Dihasilkan: 2@YD7laaIFDKdyv6dNGI...
2026-04-20 08:27:38 info: [WA] QR Code Baru Dihasilkan: 2@7oPwsDLdrKVASHIFFk...
2026-04-20 08:27:58 info: [WA] QR Code Baru Dihasilkan: 2@HojI3hGIa79eKqOIgb...
2026-04-20 08:28:18 info: [WA] QR Code Baru Dihasilkan: 2@tIt9zIHjgvDz9DNSUJ...
2026-04-20 08:28:38 info: [WA] Connection Update: close
2026-04-20 08:28:38 warn: WhatsApp terputus (kode 408). Mencoba reconnect dalam 3 detik...
2026-04-20 08:28:41 info: [WA] Connection Update: connecting
2026-04-20 08:28:43 info: [WA] QR Code Baru Dihasilkan: 2@w9wqN24Xms8+qKRZTr...
2026-04-20 08:29:48 info: [DB] Billing database ready
2026-04-20 08:29:48 info: Attempting to start server on configured port: 3001
2026-04-20 08:29:48 info: Mencoba memulai server pada port 3001...
2026-04-20 08:29:49 info: [CRON] Semua tugas penjadwalan telah aktif.
2026-04-20 08:29:49 info: Server berhasil berjalan pada port 3001
2026-04-20 08:29:49 info: Environment: development
2026-04-20 08:29:50 info: [WA] Connection Update: connecting
2026-04-20 08:29:51 info: [WA] QR Code Baru Dihasilkan: 2@0eWOibZzx8Ub1nNAu4...
2026-04-20 08:30:51 info: [WA] QR Code Baru Dihasilkan: 2@jEXKgN08UqIZ/GRIFJ...
2026-04-20 08:31:11 info: [WA] QR Code Baru Dihasilkan: 2@+JHkzo/VQyEUqpsS5w...
2026-04-20 08:31:31 info: [WA] QR Code Baru Dihasilkan: 2@bmZXUTVaJRWe3atM9+...
2026-04-20 08:31:51 info: [WA] QR Code Baru Dihasilkan: 2@FhiF61HBEuYnOiXyVb...
2026-04-20 08:32:11 info: [WA] QR Code Baru Dihasilkan: 2@8xTLF5/RYSolYhChOh...
2026-04-20 08:32:31 info: [WA] Connection Update: close
2026-04-20 08:32:31 warn: WhatsApp terputus (kode 408). Mencoba reconnect dalam 3 detik...
2026-04-20 08:32:34 info: [WA] Connection Update: connecting
2026-04-20 08:32:35 info: [WA] QR Code Baru Dihasilkan: 2@LCvvaxFqjaR1bdiQPy...
2026-04-20 08:33:35 info: [WA] QR Code Baru Dihasilkan: 2@YAjZCBv8E6Gdp0GzJg...
2026-04-20 08:33:55 info: [WA] QR Code Baru Dihasilkan: 2@H6CfE4i/cHuOtBu9+e...
2026-04-20 08:34:15 info: [WA] QR Code Baru Dihasilkan: 2@eUcjKfPxc25yFp9niy...
2026-04-20 08:34:35 info: [WA] QR Code Baru Dihasilkan: 2@jH4WAWiToA6uTD/jRU...
2026-04-20 08:34:55 info: [WA] QR Code Baru Dihasilkan: 2@a2Qj7wen/Gwxbt4KZl...
2026-04-20 08:35:15 info: [WA] Connection Update: close
2026-04-20 08:35:15 warn: WhatsApp terputus (kode 408). Mencoba reconnect dalam 3 detik...
2026-04-20 08:35:18 info: [WA] Connection Update: connecting
2026-04-20 08:35:19 info: [WA] QR Code Baru Dihasilkan: 2@g4M7qtiI4SRSjgxiU5...
2026-04-20 08:36:20 info: [WA] QR Code Baru Dihasilkan: 2@1EZzdKhp8mSdTIEM53...
2026-04-20 08:36:40 info: [WA] QR Code Baru Dihasilkan: 2@c+q4l96A12Q3GKhi48...
2026-04-20 08:57:08 info: [DB] Billing database ready
2026-04-20 08:57:09 info: Attempting to start server on configured port: 3001
2026-04-20 08:57:09 info: Mencoba memulai server pada port 3001...
2026-04-20 08:57:10 info: [CRON] Semua tugas penjadwalan telah aktif.
2026-04-20 08:57:10 info: Server berhasil berjalan pada port 3001
2026-04-20 08:57:10 info: Environment: development
2026-04-20 08:57:11 info: [WA] Connection Update: connecting
2026-04-20 08:57:12 info: [WA] QR Code Baru Dihasilkan: 2@LQYqIQMJIhnWvDJYUQ...
2026-04-20 08:58:12 info: [WA] QR Code Baru Dihasilkan: 2@UeXCiTxmYrgG64DqJB...
2026-04-20 08:58:34 info: [DB] Billing database ready
2026-04-20 08:58:35 info: Attempting to start server on configured port: 3001
2026-04-20 08:58:35 info: Mencoba memulai server pada port 3001...
2026-04-20 08:58:35 info: [CRON] Semua tugas penjadwalan telah aktif.
2026-04-20 08:58:35 info: Server berhasil berjalan pada port 3001
2026-04-20 08:58:35 info: Environment: development
2026-04-20 08:58:36 info: [WA] Connection Update: connecting
2026-04-20 08:58:37 info: [WA] QR Code Baru Dihasilkan: 2@/5dBf5M15Edj1OrTcQ...
2026-04-20 08:59:37 info: [WA] QR Code Baru Dihasilkan: 2@Fi2Sr5HpPKeCNtedZ3...
2026-04-20 08:59:57 info: [WA] QR Code Baru Dihasilkan: 2@rgzTwImAgqzEWDeYrH...
2026-04-20 09:00:17 info: [WA] QR Code Baru Dihasilkan: 2@HFXMrBmnlNuZfvmSjB...
2026-04-20 09:00:37 info: [WA] QR Code Baru Dihasilkan: 2@6X11W57pqneLv9pMS1...
2026-04-20 09:00:57 info: [WA] QR Code Baru Dihasilkan: 2@rBv9g4rwcdT+65fAhh...
2026-04-20 09:01:17 info: [WA] Connection Update: close
2026-04-20 09:01:17 warn: WhatsApp terputus (kode 408). Mencoba reconnect dalam 3 detik...
2026-04-20 09:01:20 info: [WA] Connection Update: connecting
2026-04-20 09:01:21 info: [WA] QR Code Baru Dihasilkan: 2@n7IHGsLJvl5jVXs9Xf...
2026-04-20 09:02:21 info: [WA] QR Code Baru Dihasilkan: 2@mFRmNaug0U0hQSwmWw...
2026-04-20 09:02:41 info: [WA] QR Code Baru Dihasilkan: 2@Q6f6YpaeQ97CFtDTvp...
2026-04-20 09:03:01 info: [WA] QR Code Baru Dihasilkan: 2@T3vdCz726tC1l+4Sdm...
2026-04-20 09:03:21 info: [WA] QR Code Baru Dihasilkan: 2@lSLV2HPpp+YoBrtKk8...
2026-04-20 09:03:41 info: [WA] QR Code Baru Dihasilkan: 2@Cey2iBjc/90y3sg76Q...
2026-04-20 09:04:01 info: [WA] Connection Update: close
2026-04-20 09:04:01 warn: WhatsApp terputus (kode 408). Mencoba reconnect dalam 3 detik...
2026-04-20 09:04:05 info: [WA] Connection Update: connecting
2026-04-20 09:04:05 info: [WA] QR Code Baru Dihasilkan: 2@s4VsLL3H5qoe0TR8NR...
2026-04-20 09:05:05 info: [WA] QR Code Baru Dihasilkan: 2@Htb2BtE3dBw3RP4PX2...
2026-04-20 09:05:25 info: [WA] QR Code Baru Dihasilkan: 2@WNsJFYzH0MfkyedmZg...
2026-04-20 09:05:45 info: [WA] QR Code Baru Dihasilkan: 2@6FQFzkWCZDbYdG+GUM...
2026-04-20 09:06:06 info: [WA] QR Code Baru Dihasilkan: 2@fDk/ljLHTPEil7TLUf...
2026-04-20 09:06:26 info: [WA] QR Code Baru Dihasilkan: 2@OY8xUTICA3xclz8yLj...
2026-04-20 09:06:46 info: [WA] Connection Update: close
2026-04-20 09:06:46 warn: WhatsApp terputus (kode 408). Mencoba reconnect dalam 3 detik...
2026-04-20 09:06:49 info: [WA] Connection Update: connecting
2026-04-20 09:06:49 info: [WA] QR Code Baru Dihasilkan: 2@VrlD4Ykj9/mFfW04Zw...
2026-04-20 09:07:49 info: [WA] QR Code Baru Dihasilkan: 2@GkXR9/dEp3DUF9dY/s...
2026-04-20 09:08:09 info: [WA] QR Code Baru Dihasilkan: 2@776TkqTx4tDaauTOZ8...
2026-04-20 09:08:30 info: [WA] QR Code Baru Dihasilkan: 2@LOVtgUtm3v4V6kKNki...
2026-04-20 09:08:50 info: [WA] QR Code Baru Dihasilkan: 2@lN2naSlQnhl+9h22Kj...
2026-04-20 09:09:10 info: [WA] QR Code Baru Dihasilkan: 2@kFVzn5zL/CzLWqr33O...
2026-04-20 09:09:30 info: [WA] Connection Update: close
2026-04-20 09:09:30 warn: WhatsApp terputus (kode 408). Mencoba reconnect dalam 3 detik...
2026-04-20 09:09:33 info: [WA] Connection Update: connecting
2026-04-20 09:09:34 info: [WA] QR Code Baru Dihasilkan: 2@qmjtd/uZ9OK0zAJ8MZ...
2026-04-20 09:10:34 info: [WA] QR Code Baru Dihasilkan: 2@T2DqhxNkgRZoI2fK6J...
2026-04-20 09:10:54 info: [WA] QR Code Baru Dihasilkan: 2@kFMekXcYZAFu8nMoAe...
2026-04-20 09:11:14 info: [WA] QR Code Baru Dihasilkan: 2@MxFQ/dXAI/FMQNXXff...
2026-04-20 09:11:34 info: [WA] QR Code Baru Dihasilkan: 2@cdfU1YApjdu/v7PtZs...
2026-04-20 09:11:54 info: [WA] QR Code Baru Dihasilkan: 2@GSQURsYHxUbxvWMx/w...
2026-04-20 09:12:14 info: [WA] Connection Update: close
2026-04-20 09:12:14 warn: WhatsApp terputus (kode 408). Mencoba reconnect dalam 3 detik...
2026-04-20 09:12:17 info: [WA] Connection Update: connecting
2026-04-20 09:12:18 info: [WA] QR Code Baru Dihasilkan: 2@/IvLsa2o8boX+/Uw30...
2026-04-20 09:13:18 info: [WA] QR Code Baru Dihasilkan: 2@P/8Nhyjhz/I7M9CxQX...
2026-04-20 09:13:38 info: [WA] QR Code Baru Dihasilkan: 2@YBqjmCMa9gA/rUSt46...
2026-04-20 09:13:58 info: [WA] QR Code Baru Dihasilkan: 2@Js7k2tTCZ6u0wt+DJm...
2026-04-20 09:14:18 info: [WA] QR Code Baru Dihasilkan: 2@mtJlLuQ7uhBgC7F7Pz...
2026-04-20 09:14:38 info: [WA] QR Code Baru Dihasilkan: 2@wnF1c5k+B/znCtEQPL...
2026-04-20 09:14:58 info: [WA] Connection Update: close
2026-04-20 09:14:58 warn: WhatsApp terputus (kode 408). Mencoba reconnect dalam 3 detik...
2026-04-20 09:15:01 info: [WA] Connection Update: connecting
2026-04-20 09:15:02 info: [WA] QR Code Baru Dihasilkan: 2@VkAJOWKpzFjuATLXEb...
2026-04-20 09:16:02 info: [WA] QR Code Baru Dihasilkan: 2@kM58JdAfot1UFMKixQ...
2026-04-20 09:16:22 info: [WA] QR Code Baru Dihasilkan: 2@FOrAaCmFW5Y+CiI3e0...
2026-04-20 09:16:42 info: [WA] QR Code Baru Dihasilkan: 2@Mz/CphPoTnnaQrHUf4...
2026-04-20 09:17:02 info: [WA] QR Code Baru Dihasilkan: 2@athDrEibhiORUVEVes...
2026-04-20 09:17:22 info: [WA] QR Code Baru Dihasilkan: 2@4RrtMJVkJ3Dkp3wQfE...
2026-04-20 09:17:42 info: [WA] Connection Update: close
2026-04-20 09:17:42 warn: WhatsApp terputus (kode 408). Mencoba reconnect dalam 3 detik...
2026-04-20 09:17:45 info: [WA] Connection Update: connecting
2026-04-20 09:17:46 info: [WA] QR Code Baru Dihasilkan: 2@iHJu4IJ8Jbx3K4rAIS...
2026-04-20 09:18:46 info: [WA] QR Code Baru Dihasilkan: 2@K4MdYkuwUqTyW2dMMl...
2026-04-20 09:19:06 info: [WA] QR Code Baru Dihasilkan: 2@RViuFFFj4u60zD0qYg...
2026-04-20 09:19:26 info: [WA] QR Code Baru Dihasilkan: 2@9S8XGgsSSnQPF6HV7G...
2026-04-20 09:19:46 info: [WA] QR Code Baru Dihasilkan: 2@vFLV56OJUeWGs5W/KA...
2026-04-20 09:20:06 info: [WA] QR Code Baru Dihasilkan: 2@Yg0rUQqFXoKVSN8QJ5...
2026-04-20 09:20:26 info: [WA] Connection Update: close
2026-04-20 09:20:26 warn: WhatsApp terputus (kode 408). Mencoba reconnect dalam 3 detik...
2026-04-20 09:20:29 info: [WA] Connection Update: connecting
2026-04-20 09:20:30 info: [WA] QR Code Baru Dihasilkan: 2@B8HtCwEfXtSF0zOI3C...
2026-04-20 09:21:30 info: [WA] QR Code Baru Dihasilkan: 2@n/tDHTJS/gbcYfVtZW...
2026-04-20 09:21:50 info: [WA] QR Code Baru Dihasilkan: 2@t7J1W/7jTjZRvpCZIF...
2026-04-20 09:22:10 info: [WA] QR Code Baru Dihasilkan: 2@+vMikxgNKPk1aW5XWA...
2026-04-20 09:22:30 info: [WA] QR Code Baru Dihasilkan: 2@yv4f7LE8q735NDmwnU...
2026-04-20 09:22:50 info: [WA] QR Code Baru Dihasilkan: 2@sIineR4NvIp/wKt9XX...
2026-04-20 09:23:11 info: [WA] Connection Update: close
2026-04-20 09:23:11 warn: WhatsApp terputus (kode 408). Mencoba reconnect dalam 3 detik...
2026-04-20 09:23:14 info: [WA] Connection Update: connecting
2026-04-20 09:23:14 info: [WA] QR Code Baru Dihasilkan: 2@mpAKcD4esmCPQ4PUSR...
2026-04-20 09:24:15 info: [WA] QR Code Baru Dihasilkan: 2@bKQl1oPqL0rqiJ2Ha8...
2026-04-20 09:24:35 info: [WA] QR Code Baru Dihasilkan: 2@8JEta+z79g68CN2T/8...
2026-04-20 09:24:55 info: [WA] QR Code Baru Dihasilkan: 2@XAmhQzoi8FQSAyPdYV...
2026-04-20 09:25:15 info: [WA] QR Code Baru Dihasilkan: 2@J1QE3LBXRh8XSR2IbJ...
2026-04-20 09:25:35 info: [WA] QR Code Baru Dihasilkan: 2@/THa7ZfkUqcsWjKq6w...
2026-04-20 09:25:55 info: [WA] Connection Update: close
2026-04-20 09:25:55 warn: WhatsApp terputus (kode 408). Mencoba reconnect dalam 3 detik...
2026-04-20 09:25:58 info: [WA] Connection Update: connecting
2026-04-20 09:25:59 info: [WA] QR Code Baru Dihasilkan: 2@Fq/gr/KVMnc+j5wjYV...
2026-04-20 09:26:59 info: [WA] QR Code Baru Dihasilkan: 2@J5jIKdMdV9HaLak9ZZ...
2026-04-20 09:27:19 info: [WA] QR Code Baru Dihasilkan: 2@5d2g4Ln/2crSmeTx3d...
2026-04-20 09:27:39 info: [WA] QR Code Baru Dihasilkan: 2@AlscRRWwD3cuBggHXM...
2026-04-20 09:27:59 info: [WA] QR Code Baru Dihasilkan: 2@6XJNxL7LmD6dOsC9RH...
2026-04-20 09:28:19 info: [WA] QR Code Baru Dihasilkan: 2@0CsTI1sekj66MnjTda...
2026-04-20 09:28:39 info: [WA] Connection Update: close
2026-04-20 09:28:39 warn: WhatsApp terputus (kode 408). Mencoba reconnect dalam 3 detik...
2026-04-20 09:28:42 info: [WA] Connection Update: connecting
2026-04-20 09:28:43 info: [WA] QR Code Baru Dihasilkan: 2@4C6qVVa5esU46/UJsh...
2026-04-20 09:29:43 info: [WA] QR Code Baru Dihasilkan: 2@XbM1xBsuzaitvN4Btl...
2026-04-20 09:30:03 info: [WA] QR Code Baru Dihasilkan: 2@6nSFq/wg9ba8xCItaF...
2026-04-20 09:30:23 info: [WA] QR Code Baru Dihasilkan: 2@cMPMX+so8jr3TFM0Dm...
2026-04-20 09:30:43 info: [WA] QR Code Baru Dihasilkan: 2@iUShbez163KeSAqR1R...
2026-04-20 09:31:03 info: [WA] QR Code Baru Dihasilkan: 2@70sys1l9MlE65i7tm8...
2026-04-20 09:31:23 info: [WA] Connection Update: close
2026-04-20 09:31:23 warn: WhatsApp terputus (kode 408). Mencoba reconnect dalam 3 detik...
2026-04-20 09:31:26 info: [WA] Connection Update: connecting
2026-04-20 09:31:27 info: [WA] QR Code Baru Dihasilkan: 2@CjVHEwqNmxbLO+oY3I...
2026-04-20 09:32:27 info: [WA] QR Code Baru Dihasilkan: 2@NE9FioG7S3q6sqd5EH...
2026-04-20 09:32:47 info: [WA] QR Code Baru Dihasilkan: 2@HTtckm7oMfe8/IZN/3...
2026-04-20 09:33:07 info: [WA] QR Code Baru Dihasilkan: 2@Nk2Mt+c3WJjlfzLyVG...
2026-04-20 09:33:27 info: [WA] QR Code Baru Dihasilkan: 2@DKM2C6SlMVUGAhsM2C...
2026-04-20 09:33:48 info: [WA] QR Code Baru Dihasilkan: 2@sIFcu2EDpyn47xcrbr...
2026-04-20 09:34:08 info: [WA] Connection Update: close
2026-04-20 09:34:08 warn: WhatsApp terputus (kode 408). Mencoba reconnect dalam 3 detik...
2026-04-20 09:34:11 info: [WA] Connection Update: connecting
2026-04-20 09:34:12 info: [WA] QR Code Baru Dihasilkan: 2@Fqzrf4OWcBWX3o13Ki...
2026-04-20 09:35:12 info: [WA] QR Code Baru Dihasilkan: 2@B632Ol+IaOBS79I0/p...
2026-04-20 09:35:32 info: [WA] QR Code Baru Dihasilkan: 2@65N4KuSqtS24bpyV0r...
2026-04-20 09:35:52 info: [WA] QR Code Baru Dihasilkan: 2@oZb4zcw8uEt6xmo4Gq...
2026-04-20 09:36:12 info: [WA] QR Code Baru Dihasilkan: 2@4iNtV+bDzmDnpFm65b...
2026-04-20 09:36:32 info: [WA] QR Code Baru Dihasilkan: 2@aBDrd60RWwQ5tkuTDQ...
2026-04-20 09:36:52 info: [WA] Connection Update: close
2026-04-20 09:36:52 warn: WhatsApp terputus (kode 408). Mencoba reconnect dalam 3 detik...
2026-04-20 09:36:55 info: [WA] Connection Update: connecting
2026-04-20 09:36:57 info: [WA] QR Code Baru Dihasilkan: 2@t+tm6ABdZcjFruFWGH...
2026-04-20 09:37:57 info: [WA] QR Code Baru Dihasilkan: 2@61kFKw1k5/WgQyy7I6...
2026-04-20 09:38:17 info: [WA] QR Code Baru Dihasilkan: 2@48W6XUgQ8HZ21mu/Wv...
2026-04-20 09:38:37 info: [WA] QR Code Baru Dihasilkan: 2@itqHWzMbTAyy+aD05n...
2026-04-20 09:38:57 info: [WA] QR Code Baru Dihasilkan: 2@ibxBXoRFGtL3bDX91Q...
2026-04-20 09:39:17 info: [WA] QR Code Baru Dihasilkan: 2@inLH226ttA/SYqb8+i...
2026-04-20 09:39:37 info: [WA] Connection Update: close
2026-04-20 09:39:37 warn: WhatsApp terputus (kode 408). Mencoba reconnect dalam 3 detik...
2026-04-20 09:39:40 info: [WA] Connection Update: connecting
2026-04-20 09:39:41 info: [WA] QR Code Baru Dihasilkan: 2@H1TuUzmTxL3SzRgvw2...
2026-04-20 09:40:41 info: [WA] QR Code Baru Dihasilkan: 2@2pnNCbrBqLNreuAQZ2...
2026-04-20 09:41:01 info: [WA] QR Code Baru Dihasilkan: 2@pgg3gsgAfcGLIFyMhn...
2026-04-20 09:41:21 info: [WA] QR Code Baru Dihasilkan: 2@Rmgwk9FlpBE0aFnk5l...
2026-04-20 09:41:41 info: [WA] QR Code Baru Dihasilkan: 2@m+uG6QPZyKG6w1lrdW...
2026-04-20 09:42:01 info: [WA] QR Code Baru Dihasilkan: 2@r1WJ0Ld3BeA504o0kF...
2026-04-20 09:42:21 info: [WA] Connection Update: close
2026-04-20 09:42:21 warn: WhatsApp terputus (kode 408). Mencoba reconnect dalam 3 detik...
2026-04-20 09:42:24 info: [WA] Connection Update: connecting
2026-04-20 09:42:25 info: [WA] QR Code Baru Dihasilkan: 2@0GinTwJwVt5WmGyluh...
2026-04-20 09:43:25 info: [WA] QR Code Baru Dihasilkan: 2@UnAuWDQuPe8gkAbxsy...
2026-04-20 09:43:45 info: [WA] QR Code Baru Dihasilkan: 2@CL+n8desRZLM8Sfp/A...
2026-04-20 09:44:05 info: [WA] QR Code Baru Dihasilkan: 2@nWI8k1gOpmy7Hszpfh...
2026-04-20 09:44:25 info: [WA] QR Code Baru Dihasilkan: 2@52QZJ0s9FCXL4jt1yC...
2026-04-20 09:44:45 info: [WA] QR Code Baru Dihasilkan: 2@X+ndQi8SNARsPGz6S2...
2026-04-20 09:45:05 info: [WA] Connection Update: close
2026-04-20 09:45:05 warn: WhatsApp terputus (kode 408). Mencoba reconnect dalam 3 detik...
2026-04-20 09:45:08 info: [WA] Connection Update: connecting
2026-04-20 09:45:09 info: [WA] QR Code Baru Dihasilkan: 2@NJ5oY0H24W2Kc14CPe...
2026-04-20 09:46:09 info: [WA] QR Code Baru Dihasilkan: 2@g3R9f0ulyLhjrkpv98...
2026-04-20 09:46:29 info: [WA] QR Code Baru Dihasilkan: 2@eT/o8C6ZJONieK1bLe...
2026-04-20 09:46:49 info: [WA] QR Code Baru Dihasilkan: 2@IuovuRUcMG+Rd+1G0X...
2026-04-20 09:47:09 info: [WA] QR Code Baru Dihasilkan: 2@7jeelpr4Eoii0/Nacm...
2026-04-20 09:47:29 info: [WA] QR Code Baru Dihasilkan: 2@PH3x7Rhm9yWXeebVvs...
2026-04-20 09:47:49 info: [WA] Connection Update: close
2026-04-20 09:47:49 warn: WhatsApp terputus (kode 408). Mencoba reconnect dalam 3 detik...
2026-04-20 09:47:52 info: [WA] Connection Update: connecting
2026-04-20 09:47:53 info: [WA] QR Code Baru Dihasilkan: 2@o3cko26gc93fH/pUGt...
2026-04-20 09:48:53 info: [WA] QR Code Baru Dihasilkan: 2@CamzSp4Tbyq98jKznn...
2026-04-20 09:49:13 info: [WA] QR Code Baru Dihasilkan: 2@Ke8KOXYVt8a4cVxHtQ...
2026-04-20 09:49:33 info: [WA] QR Code Baru Dihasilkan: 2@CFIcICqWj3T3SHbRYD...
2026-04-20 09:49:53 info: [WA] QR Code Baru Dihasilkan: 2@HqG6zfzYRLDAEmTvee...
2026-04-20 09:50:13 info: [WA] QR Code Baru Dihasilkan: 2@a7e9g2yvQM27GHPyUL...
2026-04-20 09:50:33 info: [WA] Connection Update: close
2026-04-20 09:50:33 warn: WhatsApp terputus (kode 408). Mencoba reconnect dalam 3 detik...
2026-04-20 09:50:37 info: [WA] Connection Update: connecting
2026-04-20 09:50:38 info: [WA] QR Code Baru Dihasilkan: 2@nT8GweldGKBWuanCxG...
2026-04-20 09:51:38 info: [WA] QR Code Baru Dihasilkan: 2@nAwT7G5d+fhsRS5gd3...
2026-04-20 09:51:58 info: [WA] QR Code Baru Dihasilkan: 2@3tVYh6ZsxxTMf+GJeF...
2026-04-20 09:52:18 info: [WA] QR Code Baru Dihasilkan: 2@VHyEcmJSopdv/X6KKz...
2026-04-20 09:52:38 info: [WA] QR Code Baru Dihasilkan: 2@30+Pd7YzObg9KTGiat...
2026-04-20 09:52:58 info: [WA] QR Code Baru Dihasilkan: 2@MIJR08+dAQVydj3JNh...
2026-04-20 09:53:18 info: [WA] Connection Update: close
2026-04-20 09:53:18 warn: WhatsApp terputus (kode 408). Mencoba reconnect dalam 3 detik...
2026-04-20 09:53:21 info: [WA] Connection Update: connecting
2026-04-20 09:53:22 info: [WA] QR Code Baru Dihasilkan: 2@qNcaNKHsW2iDbfiX1V...
2026-04-20 09:54:22 info: [WA] QR Code Baru Dihasilkan: 2@Ea7c7CMZFSJv+09L0r...
2026-04-20 09:54:42 info: [WA] QR Code Baru Dihasilkan: 2@JukzJxpIGeiT6yOjSy...
2026-04-20 09:55:02 info: [WA] QR Code Baru Dihasilkan: 2@KLZK3kRMKh5xoV2iNB...
2026-04-20 09:55:22 info: [WA] QR Code Baru Dihasilkan: 2@kjtORfpmoANtC7BJIw...
2026-04-20 09:55:42 info: [WA] QR Code Baru Dihasilkan: 2@u8gIDoKHH9uKjN340b...
2026-04-20 09:56:02 info: [WA] Connection Update: close
2026-04-20 09:56:02 warn: WhatsApp terputus (kode 408). Mencoba reconnect dalam 3 detik...
2026-04-20 09:56:05 info: [WA] Connection Update: connecting
2026-04-20 09:56:06 info: [WA] QR Code Baru Dihasilkan: 2@U+s/4qaLfKcFc+qX5D...
2026-04-20 09:57:06 info: [WA] QR Code Baru Dihasilkan: 2@9xVjfdCA1RrJuamBhh...
2026-04-20 09:57:26 info: [WA] QR Code Baru Dihasilkan: 2@jqH/1mrh+T68OxQVG4...
2026-04-20 09:57:46 info: [WA] QR Code Baru Dihasilkan: 2@VPc+sMolj2ej94KqDZ...
2026-04-20 09:58:06 info: [WA] QR Code Baru Dihasilkan: 2@2gvqbh6Sk0AcvJnW7m...
2026-04-20 09:58:26 info: [WA] QR Code Baru Dihasilkan: 2@HI9hZP5MQ2hFdogBiF...
2026-04-20 13:25:52 info: [DB] Billing database ready
2026-04-20 13:25:53 info: Attempting to start server on configured port: 3001
2026-04-20 13:25:53 info: Mencoba memulai server pada port 3001...
2026-04-20 13:25:54 info: [CRON] Semua tugas penjadwalan telah aktif.
2026-04-20 13:25:54 info: Server berhasil berjalan pada port 3001
2026-04-20 13:25:54 info: Environment: development
2026-04-20 13:25:56 info: [WA] Connection Update: connecting
2026-04-20 13:25:57 info: [WA] QR Code Baru Dihasilkan: 2@CqKB7d0tP95fs2AJzi...
2026-04-20 13:26:57 info: [WA] QR Code Baru Dihasilkan: 2@52Rqn9F2HhjoP0NQsT...
2026-04-20 13:27:17 info: [WA] QR Code Baru Dihasilkan: 2@VzsfNZkM4IuWymykdu...
2026-04-20 13:27:37 info: [WA] QR Code Baru Dihasilkan: 2@87/cXD1sMo9Pfp0lH6...
2026-04-20 13:27:57 info: [WA] QR Code Baru Dihasilkan: 2@OCnz530VrR8okvxFUd...
2026-04-20 13:28:17 info: [WA] QR Code Baru Dihasilkan: 2@7iv4IPDx+BhENARDSQ...
2026-04-20 13:28:37 info: [WA] Connection Update: close
2026-04-20 13:28:37 warn: WhatsApp terputus (kode 408). Mencoba reconnect dalam 3 detik...
2026-04-20 13:28:40 info: [WA] Connection Update: connecting
2026-04-20 13:28:41 info: [WA] QR Code Baru Dihasilkan: 2@92O9meFdQNwDZs2L2W...
2026-04-20 13:29:41 info: [WA] QR Code Baru Dihasilkan: 2@qwF2j9y9a/fQVB9IH9...
2026-04-20 13:30:01 info: [WA] QR Code Baru Dihasilkan: 2@FGznsZEEBjWdBrEAhn...
2026-04-20 13:30:21 info: [WA] QR Code Baru Dihasilkan: 2@qi+OhTBGLrfx47jFkI...
2026-04-20 13:30:41 info: [WA] QR Code Baru Dihasilkan: 2@r2iwTGkAQP4igEreFY...
2026-04-20 13:31:01 info: [WA] QR Code Baru Dihasilkan: 2@/lpDDOWO+h+BAglPvJ...
2026-04-20 13:31:21 info: [WA] Connection Update: close
2026-04-20 13:31:21 warn: WhatsApp terputus (kode 408). Mencoba reconnect dalam 3 detik...
2026-04-20 13:31:25 info: [WA] Connection Update: connecting
2026-04-20 13:31:26 info: [WA] QR Code Baru Dihasilkan: 2@g8fMI5I3RxJ4HMKIuS...
2026-04-20 13:32:26 info: [WA] QR Code Baru Dihasilkan: 2@7z1dY/2j6Mj/hFA9Hq...
2026-04-20 13:32:46 info: [WA] QR Code Baru Dihasilkan: 2@/rXAL6pSHsmC4eoZwX...
2026-04-20 13:33:06 info: [WA] QR Code Baru Dihasilkan: 2@hvMJCwKkUsUrrISK/k...
2026-04-20 13:33:26 info: [WA] QR Code Baru Dihasilkan: 2@lvT8jMiH6QJGckY7kQ...
2026-04-20 13:33:46 info: [WA] QR Code Baru Dihasilkan: 2@2KqgAOw7y7r/aTLnzj...
2026-04-20 13:34:06 info: [WA] Connection Update: close
2026-04-20 13:34:06 warn: WhatsApp terputus (kode 408). Mencoba reconnect dalam 3 detik...
2026-04-20 13:34:09 info: [WA] Connection Update: connecting
2026-04-20 13:34:10 info: [WA] QR Code Baru Dihasilkan: 2@Ql+EntdfnIZiOAZub+...
2026-04-20 13:35:10 info: [WA] QR Code Baru Dihasilkan: 2@DdndoCbN9lZ+hUjWyX...
2026-04-20 13:35:30 info: [WA] QR Code Baru Dihasilkan: 2@ANrz2mQ/0eF0mY6/6a...
2026-04-20 13:35:50 info: [WA] QR Code Baru Dihasilkan: 2@UkATVGxFB6d/Vf/SqV...
2026-04-20 13:36:10 info: [WA] QR Code Baru Dihasilkan: 2@GqiQQcLfIIeb1Coe2N...
2026-04-20 13:36:30 info: [WA] QR Code Baru Dihasilkan: 2@zmsQ71RFnxb95vx8jk...
2026-04-20 13:36:50 info: [WA] Connection Update: close
2026-04-20 13:36:50 warn: WhatsApp terputus (kode 408). Mencoba reconnect dalam 3 detik...
2026-04-20 13:36:53 info: [WA] Connection Update: connecting
2026-04-20 13:36:54 info: [WA] QR Code Baru Dihasilkan: 2@B6uQTPd1Iyt7r/qJpE...
2026-04-20 13:37:54 info: [WA] QR Code Baru Dihasilkan: 2@8xs8HJvP1zqzxsVkfi...
2026-04-20 13:38:14 info: [WA] QR Code Baru Dihasilkan: 2@rzANEcDMz8BK2dZ/R9...
2026-04-20 13:38:34 info: [WA] QR Code Baru Dihasilkan: 2@NV5oVq3E8kik5Djex1...
2026-04-20 13:38:43 info: [DB] Billing database ready
2026-04-20 13:38:44 info: Attempting to start server on configured port: 3001
2026-04-20 13:38:44 info: Mencoba memulai server pada port 3001...
2026-04-20 13:38:44 info: [CRON] Semua tugas penjadwalan telah aktif.
2026-04-20 13:38:44 info: Server berhasil berjalan pada port 3001
2026-04-20 13:38:44 info: Environment: development
2026-04-20 13:38:45 info: [WA] Connection Update: connecting
2026-04-20 13:38:46 info: [WA] QR Code Baru Dihasilkan: 2@b8fQjr3s5gw9Lk40qA...
2026-04-20 13:39:46 info: [WA] QR Code Baru Dihasilkan: 2@WaRvSoIH5AKPNisOAT...
2026-04-20 13:40:06 info: [WA] QR Code Baru Dihasilkan: 2@sL2z1Pj3gjJ4o4GtTh...
2026-04-20 13:40:26 info: [WA] QR Code Baru Dihasilkan: 2@5wBp4eTw3YRm6RxB0C...
2026-04-20 13:40:46 info: [WA] QR Code Baru Dihasilkan: 2@e1Rq4pHEOHWuNb5NJu...
2026-04-20 13:41:06 info: [WA] QR Code Baru Dihasilkan: 2@d51Fj7GKCdDkRU96ND...
2026-04-20 13:41:26 info: [WA] Connection Update: close
2026-04-20 13:41:26 warn: WhatsApp terputus (kode 408). Mencoba reconnect dalam 3 detik...
2026-04-20 13:41:29 info: [WA] Connection Update: connecting
2026-04-20 13:41:30 info: [WA] QR Code Baru Dihasilkan: 2@1kd4KmLPKSUUnUhs3h...
2026-04-20 13:42:17 info: [DB] Billing database ready
2026-04-20 13:42:18 info: Attempting to start server on configured port: 3001
2026-04-20 13:42:18 info: Mencoba memulai server pada port 3001...
2026-04-20 13:42:18 info: [CRON] Semua tugas penjadwalan telah aktif.
2026-04-20 13:42:18 info: Server berhasil berjalan pada port 3001
2026-04-20 13:42:18 info: Environment: development
2026-04-20 13:42:19 info: [WA] Connection Update: connecting
2026-04-20 13:42:20 info: [WA] QR Code Baru Dihasilkan: 2@j8FGaJQEI1NZAkgpHN...
2026-04-20 13:43:20 info: [WA] QR Code Baru Dihasilkan: 2@n3S2IHvN8CXYH3iVZt...
2026-04-20 13:43:40 info: [WA] QR Code Baru Dihasilkan: 2@mRRV1oIaYnLEcSFwXH...
2026-04-20 13:44:00 info: [WA] QR Code Baru Dihasilkan: 2@bu2DIyU8yUlQcjwjD1...
2026-04-20 13:44:19 info: [DB] Billing database ready
2026-04-20 13:44:19 info: Attempting to start server on configured port: 3001
2026-04-20 13:44:19 info: Mencoba memulai server pada port 3001...
2026-04-20 13:44:20 info: [CRON] Semua tugas penjadwalan telah aktif.
2026-04-20 13:44:20 info: Server berhasil berjalan pada port 3001
2026-04-20 13:44:20 info: Environment: development
2026-04-20 13:44:21 info: [WA] Connection Update: connecting
2026-04-20 13:44:21 info: [WA] QR Code Baru Dihasilkan: 2@NiDLonttMGso29+U3f...
2026-04-20 13:45:21 info: [WA] QR Code Baru Dihasilkan: 2@tVV90KnEFovaMB6mSf...
2026-04-20 13:45:41 info: [WA] QR Code Baru Dihasilkan: 2@wT5pOfQHtcvckuc4XT...
2026-04-20 13:46:02 info: [WA] QR Code Baru Dihasilkan: 2@pVL8APn3qQKQ4Hrthp...
2026-04-20 13:46:22 info: [WA] QR Code Baru Dihasilkan: 2@Cft0KBxCVThnE4iU73...
2026-04-20 13:46:42 info: [WA] QR Code Baru Dihasilkan: 2@s1QyIDNFYQDDG1NuP5...
2026-04-20 13:47:02 info: [WA] Connection Update: close
2026-04-20 13:47:02 warn: WhatsApp terputus (kode 408). Mencoba reconnect dalam 3 detik...
2026-04-20 13:47:05 info: [WA] Connection Update: connecting
2026-04-20 13:47:05 info: [WA] QR Code Baru Dihasilkan: 2@0+EOgJeBSXhj0sO4XH...
2026-04-20 13:47:53 info: [DB] Billing database ready
2026-04-20 13:47:54 info: Attempting to start server on configured port: 3001
2026-04-20 13:47:54 info: Mencoba memulai server pada port 3001...
2026-04-20 13:47:54 info: [CRON] Semua tugas penjadwalan telah aktif.
2026-04-20 13:47:54 info: Server berhasil berjalan pada port 3001
2026-04-20 13:47:54 info: Environment: development
2026-04-20 13:47:55 info: [WA] Connection Update: connecting
2026-04-20 13:47:56 info: [WA] QR Code Baru Dihasilkan: 2@wQySOdCkm0Gvp+TSXv...
2026-04-20 13:48:56 info: [WA] QR Code Baru Dihasilkan: 2@p2vSwgfZgcfwuhpVUX...
2026-04-20 13:49:16 info: [WA] QR Code Baru Dihasilkan: 2@3LRyg0XMzv0Y3nJGmo...
2026-04-20 13:49:36 info: [WA] QR Code Baru Dihasilkan: 2@wpPIXsRB2DpibOC/ld...
2026-04-20 13:49:56 info: [WA] QR Code Baru Dihasilkan: 2@7w5zz5XfDkqJHCrBA3...
2026-04-20 13:50:16 info: [WA] QR Code Baru Dihasilkan: 2@zgu6tI/PdIu6cjOS9l...
2026-04-20 13:50:36 info: [WA] Connection Update: close
2026-04-20 13:50:36 warn: WhatsApp terputus (kode 408). Mencoba reconnect dalam 3 detik...
2026-04-20 13:50:39 info: [WA] Connection Update: connecting
2026-04-20 13:50:40 info: [WA] QR Code Baru Dihasilkan: 2@zkAgrj5c0kvesaV+b9...
2026-04-20 13:51:40 info: [WA] QR Code Baru Dihasilkan: 2@10JzjooAVbQFOYkNvq...
2026-04-20 13:52:00 info: [WA] QR Code Baru Dihasilkan: 2@AA7D3/9f0lXEUbNuBA...
2026-04-20 13:52:20 info: [WA] QR Code Baru Dihasilkan: 2@jQkVMUSGQRinQHHdeW...
2026-04-20 13:52:40 info: [WA] QR Code Baru Dihasilkan: 2@gvHNtfOdbiUkC8aeAj...
2026-04-20 13:53:00 info: [WA] QR Code Baru Dihasilkan: 2@W5TpCJVihY9HspNpiO...
2026-04-20 13:53:20 info: [WA] Connection Update: close
2026-04-20 13:53:20 warn: WhatsApp terputus (kode 408). Mencoba reconnect dalam 3 detik...
2026-04-20 13:53:23 info: [WA] Connection Update: connecting
2026-04-20 13:53:24 info: [WA] QR Code Baru Dihasilkan: 2@SGneepXcMa9ed07Xau...
2026-04-20 13:54:24 info: [WA] QR Code Baru Dihasilkan: 2@v9Z9YD5seo8Oh/yDid...
2026-04-20 13:54:44 info: [WA] QR Code Baru Dihasilkan: 2@b0hOY0bYo/0F87CV9i...
2026-04-20 13:55:04 info: [WA] QR Code Baru Dihasilkan: 2@xrzqfJUMrbosPpZ9VA...
2026-04-20 13:55:24 info: [WA] QR Code Baru Dihasilkan: 2@N6sCnfIlrmXvVzXwzX...
2026-04-20 13:55:44 info: [WA] QR Code Baru Dihasilkan: 2@VoU4yKm+j4UGIO7yWY...
2026-04-20 13:56:04 info: [WA] Connection Update: close
2026-04-20 13:56:04 warn: WhatsApp terputus (kode 408). Mencoba reconnect dalam 3 detik...
2026-04-20 13:56:07 info: [WA] Connection Update: connecting
2026-04-20 13:56:08 info: [WA] QR Code Baru Dihasilkan: 2@DSNZGKd5OJ6p5c6SJZ...
2026-04-20 13:57:08 info: [WA] QR Code Baru Dihasilkan: 2@BEfj2s22vBfqn53+c0...
2026-04-20 13:57:28 info: [WA] QR Code Baru Dihasilkan: 2@9REmdc7+c0WJvFPDLd...
2026-04-20 13:57:48 info: [WA] QR Code Baru Dihasilkan: 2@+LecOuFgHK6GJmFhw8...
2026-04-20 13:58:08 info: [WA] QR Code Baru Dihasilkan: 2@S/uR1/5CLn+fTOim88...
2026-04-20 13:58:28 info: [WA] QR Code Baru Dihasilkan: 2@Rm1/WYQM1IAp4jCOTL...
2026-04-20 13:58:48 info: [WA] Connection Update: close
2026-04-20 13:58:48 warn: WhatsApp terputus (kode 408). Mencoba reconnect dalam 3 detik...
2026-04-20 13:58:51 info: [WA] Connection Update: connecting
2026-04-20 13:58:52 info: [WA] QR Code Baru Dihasilkan: 2@ARi4GhlB9ABSTn6N/R...
2026-04-20 13:59:52 info: [WA] QR Code Baru Dihasilkan: 2@r7fBhLW9l2J3Z0xDHK...
2026-04-20 14:00:12 info: [WA] QR Code Baru Dihasilkan: 2@W4glgS7fOqH4pZq3vx...
2026-04-20 14:00:32 info: [WA] QR Code Baru Dihasilkan: 2@DU0Jo1LBwCNnI7SCpb...
2026-04-20 14:00:52 info: [WA] QR Code Baru Dihasilkan: 2@ovX1db1oHpHxTS+h5V...
2026-04-20 14:01:12 info: [WA] QR Code Baru Dihasilkan: 2@jVyG9gqk4i8DqLNT/g...
2026-04-20 14:01:32 info: [WA] Connection Update: close
2026-04-20 14:01:32 warn: WhatsApp terputus (kode 408). Mencoba reconnect dalam 3 detik...
2026-04-20 14:01:35 info: [WA] Connection Update: connecting
2026-04-20 14:01:36 info: [WA] QR Code Baru Dihasilkan: 2@VQOTqP3JeFELQCL0aF...
2026-04-20 14:02:36 info: [WA] QR Code Baru Dihasilkan: 2@eb8hhqDRo2/adMLhXr...
2026-04-20 14:02:56 info: [WA] QR Code Baru Dihasilkan: 2@Ve0bvIqyyVD1uadrIg...
2026-04-20 14:03:16 info: [WA] QR Code Baru Dihasilkan: 2@GDUxi9MUNjJwNGYxAW...
2026-04-20 14:03:36 info: [WA] QR Code Baru Dihasilkan: 2@GHOhTVMAHa/tphAlvD...
2026-04-20 14:03:56 info: [WA] QR Code Baru Dihasilkan: 2@Jc+EsEcA98yPZXqZIx...
2026-04-20 14:04:16 info: [WA] Connection Update: close
2026-04-20 14:04:16 warn: WhatsApp terputus (kode 408). Mencoba reconnect dalam 3 detik...
2026-04-20 14:04:19 info: [WA] Connection Update: connecting
2026-04-20 14:04:20 info: [WA] QR Code Baru Dihasilkan: 2@5XQZwEU24ELuYxsDU6...
2026-04-20 14:05:20 info: [WA] QR Code Baru Dihasilkan: 2@+Ajs9cR3qfI5A2CwXr...
2026-04-20 14:05:40 info: [WA] QR Code Baru Dihasilkan: 2@PzlEb/W9g3CWhCR3e8...
2026-04-20 14:06:00 info: [WA] QR Code Baru Dihasilkan: 2@P75dsSOqbXfwtxi2O1...
2026-04-20 14:06:20 info: [WA] QR Code Baru Dihasilkan: 2@5WdEaYCSfQ5ncpERfz...
2026-04-20 14:06:40 info: [WA] QR Code Baru Dihasilkan: 2@FA3ODOLjW3V85zeb4e...
2026-04-20 14:07:01 info: [WA] Connection Update: close
2026-04-20 14:07:01 warn: WhatsApp terputus (kode 408). Mencoba reconnect dalam 3 detik...
2026-04-20 14:07:04 info: [WA] Connection Update: connecting
2026-04-20 14:07:04 info: [WA] QR Code Baru Dihasilkan: 2@mSJKGIcyZwDlaDL5tp...
2026-04-20 14:08:05 info: [WA] QR Code Baru Dihasilkan: 2@CGzV08Mrmv2xNfKYFE...
2026-04-20 14:20:13 info: [DB] Billing database ready
2026-04-20 14:20:14 info: Attempting to start server on configured port: 3001
2026-04-20 14:20:14 info: Mencoba memulai server pada port 3001...
2026-04-20 14:20:14 info: [CRON] Semua tugas penjadwalan telah aktif.
2026-04-20 14:20:14 info: Server berhasil berjalan pada port 3001
2026-04-20 14:20:14 info: Environment: development
2026-04-20 14:20:15 info: [WA] Connection Update: connecting
2026-04-20 14:20:16 info: [WA] QR Code Baru Dihasilkan: 2@0KE+77soaFsAFyAmjm...
2026-04-20 14:21:16 info: [WA] QR Code Baru Dihasilkan: 2@ciDNFx5SvNVbFQetqG...
2026-04-20 14:21:36 info: [WA] QR Code Baru Dihasilkan: 2@GY/1sr5ynOqqTi9jHt...
2026-04-20 14:21:56 info: [WA] QR Code Baru Dihasilkan: 2@AirEuaDUrcAbX+IsI/...
2026-04-20 14:22:16 info: [WA] QR Code Baru Dihasilkan: 2@ToudM8njNMc9Dxifzg...
2026-04-20 14:22:36 info: [WA] QR Code Baru Dihasilkan: 2@NEiQ8CMfYd5oKjy2Fl...
2026-04-20 14:22:56 info: [WA] Connection Update: close
2026-04-20 14:22:56 warn: WhatsApp terputus (kode 408). Mencoba reconnect dalam 3 detik...
2026-04-20 14:22:59 info: [WA] Connection Update: connecting
2026-04-20 14:23:00 info: [WA] QR Code Baru Dihasilkan: 2@3oJZK888L/nidh9Yzw...
2026-04-20 14:24:00 info: [WA] QR Code Baru Dihasilkan: 2@IOg0qdxDMU/eyzs7yW...
2026-04-20 14:24:20 info: [WA] QR Code Baru Dihasilkan: 2@64rpXNIoeqRsCZLTu3...
2026-04-20 14:24:40 info: [WA] QR Code Baru Dihasilkan: 2@1Ki7c2TFT7AkV/Dn3U...
2026-04-20 14:25:00 info: [WA] QR Code Baru Dihasilkan: 2@CROqIqDTyjYjqDmxSv...
2026-04-20 14:25:20 info: [WA] QR Code Baru Dihasilkan: 2@dyEG4QTyRdXRZSYqut...
2026-04-20 14:25:40 info: [WA] Connection Update: close
2026-04-20 14:25:40 warn: WhatsApp terputus (kode 408). Mencoba reconnect dalam 3 detik...
2026-04-20 14:25:43 info: [WA] Connection Update: connecting
2026-04-20 14:25:44 info: [WA] QR Code Baru Dihasilkan: 2@Pad/SEuddVBpdE4cZs...
2026-04-20 14:26:44 info: [WA] QR Code Baru Dihasilkan: 2@AKU2/FL85BEAkKHvVz...
2026-04-20 14:27:04 info: [WA] QR Code Baru Dihasilkan: 2@Z0hUPNZGwt4vg5G8Bn...
2026-04-20 14:27:24 info: [WA] QR Code Baru Dihasilkan: 2@nLiTaOB/qPlvBh6Qab...
2026-04-20 14:27:44 info: [WA] QR Code Baru Dihasilkan: 2@bjwiTKVrNj/+L2O/HY...
2026-04-20 14:28:04 info: [WA] QR Code Baru Dihasilkan: 2@lgap5fR6DS6XToTdDS...
2026-04-20 14:28:24 info: [WA] Connection Update: close
2026-04-20 14:28:24 warn: WhatsApp terputus (kode 408). Mencoba reconnect dalam 3 detik...
2026-04-20 14:28:27 info: [WA] Connection Update: connecting
2026-04-20 14:28:28 info: [WA] QR Code Baru Dihasilkan: 2@kPmTiMF5Yl4unz9AxP...
2026-04-20 14:29:28 info: [WA] QR Code Baru Dihasilkan: 2@Y65jmOROT0OflUfNra...
2026-04-20 14:29:48 info: [WA] QR Code Baru Dihasilkan: 2@Pb5j3ccIQ3AgTureS8...
2026-04-20 14:30:08 info: [WA] QR Code Baru Dihasilkan: 2@F7J/pLaJU+IkGSjxMR...
2026-04-20 14:30:28 info: [WA] QR Code Baru Dihasilkan: 2@ZqpjszXgWf/gFwIm3m...
2026-04-20 14:30:48 info: [WA] QR Code Baru Dihasilkan: 2@10NFW+heMhd3dyA1rC...
2026-04-20 14:31:08 info: [WA] Connection Update: close
2026-04-20 14:31:08 warn: WhatsApp terputus (kode 408). Mencoba reconnect dalam 3 detik...
2026-04-20 14:31:11 info: [WA] Connection Update: connecting
2026-04-20 14:31:12 info: [WA] QR Code Baru Dihasilkan: 2@kGLfeIAHNIDCe8nx6l...
2026-04-20 14:32:12 info: [WA] QR Code Baru Dihasilkan: 2@594DDKZ6fHsupX+30p...
2026-04-20 14:32:32 info: [WA] QR Code Baru Dihasilkan: 2@Q7jcwWEbcFCqde+JZt...
2026-04-20 14:32:52 info: [WA] QR Code Baru Dihasilkan: 2@z9KetN3RWz6mw9ciJc...
2026-04-20 14:33:12 info: [WA] QR Code Baru Dihasilkan: 2@DKHre7gdRoH1Y7QaPE...
2026-04-20 14:33:32 info: [WA] QR Code Baru Dihasilkan: 2@BUIUfvBGCJ+dulCN+C...
2026-04-20 14:33:52 info: [WA] Connection Update: close
2026-04-20 14:33:52 warn: WhatsApp terputus (kode 408). Mencoba reconnect dalam 3 detik...
2026-04-20 14:33:55 info: [WA] Connection Update: connecting
2026-04-20 14:33:56 info: [WA] QR Code Baru Dihasilkan: 2@4i1XpGGiuHkRMHmPup...
2026-04-20 14:34:56 info: [WA] QR Code Baru Dihasilkan: 2@tdqpoR32ahrKwcq9Ox...
2026-04-20 14:35:16 info: [WA] QR Code Baru Dihasilkan: 2@EJWWcucz4VFXs22zw4...
2026-04-20 14:35:36 info: [WA] QR Code Baru Dihasilkan: 2@ZWte5MqnD+9cc+L58A...
2026-04-20 14:35:56 info: [WA] QR Code Baru Dihasilkan: 2@8QwPCKnrwdBGiCpvhp...
2026-04-20 14:36:16 info: [WA] QR Code Baru Dihasilkan: 2@65/zyQH/lQcLGKn21T...
2026-04-20 14:36:36 info: [WA] Connection Update: close
2026-04-20 14:36:36 warn: WhatsApp terputus (kode 408). Mencoba reconnect dalam 3 detik...
2026-04-20 14:36:40 info: [WA] Connection Update: connecting
2026-04-20 14:36:40 info: [WA] QR Code Baru Dihasilkan: 2@+sgI3D4j3hbYfQAPnm...
2026-04-20 14:37:40 info: [WA] QR Code Baru Dihasilkan: 2@F9p0O80F2pA/tWme6C...
2026-04-20 14:38:00 info: [WA] QR Code Baru Dihasilkan: 2@G1B07wvD2zZWFmeuGk...
2026-04-20 14:38:20 info: [WA] QR Code Baru Dihasilkan: 2@huOB4fjmuCGMQnbu0k...
2026-04-20 14:38:40 info: [WA] QR Code Baru Dihasilkan: 2@Tlhpkpzyjn+I2jDkTo...
2026-04-20 14:39:00 info: [WA] QR Code Baru Dihasilkan: 2@01UX8oQCxVfV+XcS1s...
2026-04-20 14:39:20 info: [WA] Connection Update: close
2026-04-20 14:39:20 warn: WhatsApp terputus (kode 408). Mencoba reconnect dalam 3 detik...
2026-04-20 14:39:24 info: [WA] Connection Update: connecting
2026-04-20 14:39:24 info: [WA] QR Code Baru Dihasilkan: 2@KL20N9OzknfzcimF3Y...
2026-04-20 14:40:25 info: [WA] QR Code Baru Dihasilkan: 2@/cHOQGqhbAcvNRWl0d...
2026-04-20 14:40:45 info: [WA] QR Code Baru Dihasilkan: 2@K+M07nof0zgLjbxJmd...
2026-04-20 14:41:05 info: [WA] QR Code Baru Dihasilkan: 2@DRC1nIMe3Z8ZcMkQ5B...
2026-04-20 14:41:25 info: [WA] QR Code Baru Dihasilkan: 2@nCSeW7ODfs2i4AVdcw...
2026-04-20 14:41:45 info: [WA] QR Code Baru Dihasilkan: 2@RVJwWoeXXdHlWbDEtO...
2026-04-20 14:42:05 info: [WA] Connection Update: close
2026-04-20 14:42:05 warn: WhatsApp terputus (kode 408). Mencoba reconnect dalam 3 detik...
2026-04-20 14:42:08 info: [WA] Connection Update: connecting
2026-04-20 14:42:08 info: [WA] QR Code Baru Dihasilkan: 2@6PnclBnrdNuwYpfBQE...
2026-04-20 14:43:09 info: [WA] QR Code Baru Dihasilkan: 2@jpKcT6vhNRB+IWo/KY...
2026-04-20 14:43:29 info: [WA] QR Code Baru Dihasilkan: 2@+zA5pOLuUO3yI4U2/t...
2026-04-20 14:43:49 info: [WA] QR Code Baru Dihasilkan: 2@7KJ9kUrYhfOLZSLE85...
2026-04-20 14:44:09 info: [WA] QR Code Baru Dihasilkan: 2@WOGZ/faF4RMOsrq4XN...
2026-04-20 14:44:29 info: [WA] QR Code Baru Dihasilkan: 2@DbdjcXhqDiVENKCpwB...
2026-04-20 15:45:16 info: [DB] Billing database ready
2026-04-20 15:45:17 info: Attempting to start server on configured port: 3001
2026-04-20 15:45:17 info: Mencoba memulai server pada port 3001...
2026-04-20 15:45:17 info: [CRON] Semua tugas penjadwalan telah aktif.
2026-04-20 15:45:17 info: Server berhasil berjalan pada port 3001
2026-04-20 15:45:17 info: Environment: development
2026-04-20 15:45:23 info: [WA] Connection Update: connecting
2026-04-20 15:45:24 info: [WA] QR Code Baru Dihasilkan: 2@LmN7keY5R9qFZ7dYjI...
2026-04-20 15:46:24 info: [WA] QR Code Baru Dihasilkan: 2@goy609OGYMJYSDYhvw...
2026-04-20 15:46:44 info: [WA] QR Code Baru Dihasilkan: 2@46WyF7nEZhfjBlob9d...
2026-04-20 15:47:05 info: [WA] QR Code Baru Dihasilkan: 2@8RU/3CFlTE87qfEZuV...
2026-04-20 15:47:25 info: [WA] QR Code Baru Dihasilkan: 2@hMJ0sFLOCdeFiiC7uA...
2026-04-20 15:47:45 info: [WA] QR Code Baru Dihasilkan: 2@Vc5EIHVnDoIy4rpOnL...
2026-04-20 15:48:05 info: [WA] Connection Update: close
2026-04-20 15:48:05 warn: WhatsApp terputus (kode 408). Mencoba reconnect dalam 3 detik...
2026-04-20 15:48:08 info: [WA] Connection Update: connecting
2026-04-20 15:48:09 info: [WA] QR Code Baru Dihasilkan: 2@uqdxTUVbx+O/NIt33G...
2026-04-20 15:49:09 info: [WA] QR Code Baru Dihasilkan: 2@0XymY8+oMVYnvw8QBV...
2026-04-20 15:49:29 info: [WA] QR Code Baru Dihasilkan: 2@u+kND3ebt6qB1VWHLM...
2026-04-20 15:49:49 info: [WA] QR Code Baru Dihasilkan: 2@jSLJ2PvLt7cuTr64Jx...
2026-04-20 15:50:09 info: [WA] QR Code Baru Dihasilkan: 2@Qlhq0Ng3wYOmeuF/kd...
2026-04-20 15:50:29 info: [WA] QR Code Baru Dihasilkan: 2@Rs9/WhRryhgwloVezX...
2026-04-20 15:50:49 info: [WA] Connection Update: close
2026-04-20 15:50:49 warn: WhatsApp terputus (kode 408). Mencoba reconnect dalam 3 detik...
2026-04-20 15:50:52 info: [WA] Connection Update: connecting
2026-04-20 15:50:53 info: [WA] QR Code Baru Dihasilkan: 2@DK5XAdQ6yWWkQs8qBx...
2026-04-20 15:51:53 info: [WA] QR Code Baru Dihasilkan: 2@sNL4Sa1YZG60u6wmo9...
2026-04-20 15:52:13 info: [WA] QR Code Baru Dihasilkan: 2@UVQCSbadV/6WYlcteG...
2026-04-20 15:52:33 info: [WA] QR Code Baru Dihasilkan: 2@RyzgFACS34sOsCazt5...
2026-04-20 15:52:53 info: [WA] QR Code Baru Dihasilkan: 2@yjaJThc9hmsavNrDf1...
2026-04-20 15:53:13 info: [WA] QR Code Baru Dihasilkan: 2@qnKyoMHNJpiwv0GQTJ...
2026-04-20 15:53:33 info: [WA] Connection Update: close
2026-04-20 15:53:33 warn: WhatsApp terputus (kode 408). Mencoba reconnect dalam 3 detik...
2026-04-20 15:53:36 info: [WA] Connection Update: connecting
2026-04-20 15:53:37 info: [WA] QR Code Baru Dihasilkan: 2@TgFSy5QAZwwwSNaaX3...
2026-04-20 15:54:37 info: [WA] QR Code Baru Dihasilkan: 2@ne42Jm/Ldd+ScMZMzB...
2026-04-20 15:54:57 info: [WA] QR Code Baru Dihasilkan: 2@Yt6zGED9wWyCze14oc...
2026-04-20 15:55:17 info: [WA] QR Code Baru Dihasilkan: 2@BtG63yXzizXw0NmjmV...
2026-04-20 15:55:37 info: [WA] QR Code Baru Dihasilkan: 2@nzYbf/IicSXl50PIry...
2026-04-20 15:55:57 info: [WA] QR Code Baru Dihasilkan: 2@qN1S2vS7H1CdVqlKTy...
2026-04-20 15:56:17 info: [WA] Connection Update: close
2026-04-20 15:56:17 warn: WhatsApp terputus (kode 408). Mencoba reconnect dalam 3 detik...
2026-04-20 15:56:20 info: [WA] Connection Update: connecting
2026-04-20 15:56:21 info: [WA] QR Code Baru Dihasilkan: 2@+JjfmoFPSFpt+IRG7t...
2026-04-20 15:57:21 info: [WA] QR Code Baru Dihasilkan: 2@NBkWrzMmUzG7mohrWT...
2026-04-20 15:57:41 info: [WA] QR Code Baru Dihasilkan: 2@vUHGq3zjOc/ahfMl/n...
2026-04-20 15:58:01 info: [WA] QR Code Baru Dihasilkan: 2@kZ0OtloMG4Ul4NmV6G...
2026-04-20 15:58:21 info: [WA] QR Code Baru Dihasilkan: 2@7CdVhXQXQuajB9XjDd...
2026-04-20 15:58:41 info: [WA] QR Code Baru Dihasilkan: 2@kKR5R6Ie1vsPI/Ghtb...
2026-04-20 15:59:01 info: [WA] Connection Update: close
2026-04-20 15:59:01 warn: WhatsApp terputus (kode 408). Mencoba reconnect dalam 3 detik...
2026-04-20 15:59:04 info: [WA] Connection Update: connecting
2026-04-20 15:59:05 info: [WA] QR Code Baru Dihasilkan: 2@iMlE2IRoOSmAyFZ65i...
2026-04-20 16:00:05 info: [WA] QR Code Baru Dihasilkan: 2@oZkOYtG3bpCIlsnTgX...
2026-04-20 16:00:25 info: [WA] QR Code Baru Dihasilkan: 2@imOl07wcUWb2ymvbKq...
2026-04-20 16:00:45 info: [WA] QR Code Baru Dihasilkan: 2@GsKTdnJ4sLT1e7MWya...
2026-04-20 16:01:05 info: [WA] QR Code Baru Dihasilkan: 2@O36Ny42uC8BQ+TllHB...
2026-04-20 16:01:25 info: [WA] QR Code Baru Dihasilkan: 2@dYE4RQruEgWWyh3/vT...
2026-04-20 16:01:45 info: [WA] Connection Update: close
2026-04-20 16:01:45 warn: WhatsApp terputus (kode 408). Mencoba reconnect dalam 3 detik...
2026-04-20 16:01:48 info: [WA] Connection Update: connecting
2026-04-20 16:01:49 info: [WA] QR Code Baru Dihasilkan: 2@1BlKXlTNYYm433wohy...
2026-04-20 16:02:49 info: [WA] QR Code Baru Dihasilkan: 2@QfnPOkJ158UIFw3K0T...
2026-04-20 16:03:09 info: [WA] QR Code Baru Dihasilkan: 2@+XDKHrnKMLo6v3KfZG...
2026-04-20 16:03:29 info: [WA] QR Code Baru Dihasilkan: 2@XD/nSRLyhnzK6oKC82...
2026-04-20 16:03:49 info: [WA] QR Code Baru Dihasilkan: 2@n7xfko3v6V6yMkDUQ8...
2026-04-20 16:04:09 info: [WA] QR Code Baru Dihasilkan: 2@2WCd3cpn87OMNRUvtL...
2026-04-20 16:04:29 info: [WA] Connection Update: close
2026-04-20 16:04:29 warn: WhatsApp terputus (kode 408). Mencoba reconnect dalam 3 detik...
2026-04-20 16:04:32 info: [WA] Connection Update: connecting
2026-04-20 16:04:33 info: [WA] QR Code Baru Dihasilkan: 2@lRKyFNetJSpPH/MnCt...
2026-04-20 16:05:33 info: [WA] QR Code Baru Dihasilkan: 2@RGO0d/s7voH9+Xu/e2...
2026-04-20 16:05:53 info: [WA] QR Code Baru Dihasilkan: 2@CjkZyytOjae7+qqnrJ...
2026-04-20 16:06:13 info: [WA] QR Code Baru Dihasilkan: 2@gvjFpaCiFPyEzAPnf2...
2026-04-20 16:06:33 info: [WA] QR Code Baru Dihasilkan: 2@Y5sQL0Ffoj7rHTxUdT...
2026-04-20 16:06:53 info: [WA] QR Code Baru Dihasilkan: 2@v3Kv+OOc8fGzLBCfAC...
2026-04-20 16:07:13 info: [WA] Connection Update: close
2026-04-20 16:07:13 warn: WhatsApp terputus (kode 408). Mencoba reconnect dalam 3 detik...
2026-04-20 16:07:16 info: [WA] Connection Update: connecting
2026-04-20 16:07:17 info: [WA] QR Code Baru Dihasilkan: 2@PB6htxlZH61Tjtw8Ni...
2026-04-20 16:08:17 info: [WA] QR Code Baru Dihasilkan: 2@t3UfHQiGWQjYkZEhs2...
2026-04-20 16:08:37 info: [WA] QR Code Baru Dihasilkan: 2@ywCKAyRFIHD10VwjRj...
2026-04-20 16:08:57 info: [WA] QR Code Baru Dihasilkan: 2@99MwIkOtRGGy546f7b...
2026-04-20 16:09:17 info: [WA] QR Code Baru Dihasilkan: 2@5ICOvMVGJQkFG/w8C7...
2026-04-20 16:09:37 info: [WA] QR Code Baru Dihasilkan: 2@y6/MNsG7kK3N4jIH0B...
2026-04-20 16:09:57 info: [WA] Connection Update: close
2026-04-20 16:09:57 warn: WhatsApp terputus (kode 408). Mencoba reconnect dalam 3 detik...
2026-04-20 16:10:00 info: [WA] Connection Update: connecting
2026-04-20 16:10:01 info: [WA] QR Code Baru Dihasilkan: 2@NCZ+Q6PVrqWPDIj5yt...
2026-04-20 16:11:01 info: [WA] QR Code Baru Dihasilkan: 2@0oORjRwOFzKP4Kdxl0...
2026-04-20 16:11:21 info: [WA] QR Code Baru Dihasilkan: 2@fQTnp/2C+oiGUleieu...
2026-04-20 16:11:41 info: [WA] QR Code Baru Dihasilkan: 2@L0EiVF5RWWXingH2Jb...
2026-04-20 16:12:01 info: [WA] QR Code Baru Dihasilkan: 2@4KrihlMWu0+u9uXmEA...
2026-04-20 16:12:21 info: [WA] QR Code Baru Dihasilkan: 2@5NgA1SJxteEAEINULN...
2026-04-20 16:12:41 info: [WA] Connection Update: close
2026-04-20 16:12:41 warn: WhatsApp terputus (kode 408). Mencoba reconnect dalam 3 detik...
2026-04-20 16:12:44 info: [WA] Connection Update: connecting
2026-04-20 16:12:45 info: [WA] QR Code Baru Dihasilkan: 2@rLTBAClvnM3dvnYmYX...
2026-04-20 16:13:45 info: [WA] QR Code Baru Dihasilkan: 2@SCacNNphYg1iBUUKUA...
2026-04-20 16:14:05 info: [WA] QR Code Baru Dihasilkan: 2@LOcrnuD18q/nyfTL6r...
2026-04-20 16:14:25 info: [WA] QR Code Baru Dihasilkan: 2@0mpARhqouYPJy+6QfV...
2026-04-20 16:14:45 info: [WA] QR Code Baru Dihasilkan: 2@QJ2u4BbSYDKJd6mH0N...
2026-04-20 16:15:05 info: [WA] QR Code Baru Dihasilkan: 2@vAGn9A0ykbD1/XXGAf...
2026-04-20 16:15:25 info: [WA] Connection Update: close
2026-04-20 16:15:25 warn: WhatsApp terputus (kode 408). Mencoba reconnect dalam 3 detik...
2026-04-20 16:15:28 info: [WA] Connection Update: connecting
2026-04-20 16:15:30 info: [WA] QR Code Baru Dihasilkan: 2@5OxYYnwFfMshTlBwdR...
2026-04-20 19:35:12 info: [DB] Billing database ready
2026-04-20 19:35:15 info: Attempting to start server on configured port: 3001
2026-04-20 19:35:15 info: Mencoba memulai server pada port 3001...
2026-04-20 19:35:16 info: [CRON] Semua tugas penjadwalan telah aktif.
2026-04-20 19:35:16 info: Server berhasil berjalan pada port 3001
2026-04-20 19:35:16 info: Environment: development
2026-04-20 19:35:21 info: [WA] Connection Update: connecting
2026-04-20 19:35:22 info: [WA] QR Code Baru Dihasilkan: 2@/OAOUSuVGlDhaBNZpB...
2026-04-20 19:36:22 info: [WA] QR Code Baru Dihasilkan: 2@i/0fMI1zcZd67NpL9d...
2026-04-20 19:36:42 info: [WA] QR Code Baru Dihasilkan: 2@z1jSc+/xE+rk09JhKS...
2026-04-20 19:37:02 info: [WA] QR Code Baru Dihasilkan: 2@H2s6dVq1KEhWz7S5QX...
2026-04-20 19:37:22 info: [WA] QR Code Baru Dihasilkan: 2@k8uMlptxfJftptPkZv...
2026-04-20 19:37:42 info: [WA] QR Code Baru Dihasilkan: 2@We7N/D2VSeKMkSYnqF...
2026-04-20 19:38:02 info: [WA] Connection Update: close
2026-04-20 19:38:02 warn: WhatsApp terputus (kode 408). Mencoba reconnect dalam 3 detik...
2026-04-20 19:38:05 info: [WA] Connection Update: connecting
2026-04-20 19:38:06 info: [WA] QR Code Baru Dihasilkan: 2@ZzqAcDknKRJ0QB6xuQ...
2026-04-20 19:39:06 info: [WA] QR Code Baru Dihasilkan: 2@76WqneKHT0GMZmWwWM...
2026-04-20 19:39:26 info: [WA] QR Code Baru Dihasilkan: 2@tBm76A7HTpc9eJWwRo...
2026-04-20 19:39:46 info: [WA] QR Code Baru Dihasilkan: 2@/B+D8ZzeQ09zt+2/h7...
2026-04-20 19:40:06 info: [WA] QR Code Baru Dihasilkan: 2@T/qcOsjZHyUL+Qrau3...
2026-04-20 19:40:26 info: [WA] QR Code Baru Dihasilkan: 2@2hGqLbFzGeYrnvW3UT...
2026-04-20 19:40:46 info: [WA] Connection Update: close
2026-04-20 19:40:46 warn: WhatsApp terputus (kode 408). Mencoba reconnect dalam 3 detik...
2026-04-20 19:40:49 info: [WA] Connection Update: connecting
2026-04-20 19:40:50 info: [WA] QR Code Baru Dihasilkan: 2@7Wfjz/zL5H/EIbhmW+...
2026-04-20 19:41:50 info: [WA] QR Code Baru Dihasilkan: 2@5ofCYjvAZ7VkMC4ISb...
2026-04-20 19:42:10 info: [WA] QR Code Baru Dihasilkan: 2@QaIQzLEHzXLqOltGSR...
2026-04-20 19:42:30 info: [WA] QR Code Baru Dihasilkan: 2@0cbYIZIlwx4EGhbKdc...
2026-04-20 19:42:50 info: [WA] QR Code Baru Dihasilkan: 2@xwzP4kC4ZdXr2zMlRA...
2026-04-20 19:43:10 info: [WA] QR Code Baru Dihasilkan: 2@QrDpgCS3soY0lQGl4c...
2026-04-20 19:43:30 info: [WA] Connection Update: close
2026-04-20 19:43:30 warn: WhatsApp terputus (kode 408). Mencoba reconnect dalam 3 detik...
2026-04-20 19:43:33 info: [WA] Connection Update: connecting
2026-04-20 19:43:35 info: [WA] QR Code Baru Dihasilkan: 2@b7juL0cFTi76qjdiEG...
2026-04-20 19:44:35 info: [WA] QR Code Baru Dihasilkan: 2@NxRcqLrh+XEYitFqv/...
2026-04-20 19:44:55 info: [WA] QR Code Baru Dihasilkan: 2@kYMAPsoQys2bjTL/eF...
2026-04-20 19:45:15 info: [WA] QR Code Baru Dihasilkan: 2@8BFtFl51LtyW61WALI...
2026-04-20 19:45:35 info: [WA] QR Code Baru Dihasilkan: 2@MLeN36WcnoUTnFwihd...
2026-04-20 19:45:55 info: [WA] QR Code Baru Dihasilkan: 2@AqJ/PCHnj2uLH5neD4...
2026-04-20 19:46:15 info: [WA] Connection Update: close
2026-04-20 19:46:15 warn: WhatsApp terputus (kode 408). Mencoba reconnect dalam 3 detik...
2026-04-20 19:46:18 info: [WA] Connection Update: connecting
2026-04-20 19:46:19 info: [WA] QR Code Baru Dihasilkan: 2@9WalPFg9YTi76R7K+S...
2026-04-20 19:47:19 info: [WA] QR Code Baru Dihasilkan: 2@XdAeYE43P//EQFu+K8...
2026-04-20 19:47:39 info: [WA] QR Code Baru Dihasilkan: 2@ttnHiYJgSRvRlUoTXy...
2026-04-20 19:47:59 info: [WA] QR Code Baru Dihasilkan: 2@vwHrTfgGrfnWWiD8rD...
2026-04-20 19:48:19 info: [WA] QR Code Baru Dihasilkan: 2@/82gx8wsFrRnYYt03s...
2026-04-20 19:48:39 info: [WA] QR Code Baru Dihasilkan: 2@3tPsYaLT7xmolqOqGM...
2026-04-20 19:48:59 info: [WA] Connection Update: close
2026-04-20 19:48:59 warn: WhatsApp terputus (kode 408). Mencoba reconnect dalam 3 detik...
2026-04-20 19:49:02 info: [WA] Connection Update: connecting
2026-04-20 19:49:03 info: [WA] QR Code Baru Dihasilkan: 2@LcvVebhX87GbTLMKat...
2026-04-20 19:50:03 info: [WA] QR Code Baru Dihasilkan: 2@dXgG8sygY6SGXs3EIu...
2026-04-20 19:50:23 info: [WA] QR Code Baru Dihasilkan: 2@BLv8VqVXgfSVoC/Hsk...
2026-04-20 19:50:43 info: [WA] QR Code Baru Dihasilkan: 2@zf73XcCNAcBx0mBV7M...
2026-04-20 19:51:03 info: [WA] QR Code Baru Dihasilkan: 2@/xwBkBo15nU7wqXckM...
2026-04-20 19:51:23 info: [WA] QR Code Baru Dihasilkan: 2@Cy+xL3Haup/62cfWS5...
2026-04-20 19:51:43 info: [WA] Connection Update: close
2026-04-20 19:51:43 warn: WhatsApp terputus (kode 408). Mencoba reconnect dalam 3 detik...
2026-04-20 19:51:46 info: [WA] Connection Update: connecting
2026-04-20 19:51:47 info: [WA] QR Code Baru Dihasilkan: 2@B14gytq3R3WaLHi+tB...
2026-04-20 19:52:47 info: [WA] QR Code Baru Dihasilkan: 2@5IUTcg0P1byKQ6Ccsa...
2026-04-20 19:53:08 info: [WA] QR Code Baru Dihasilkan: 2@F2tH0/texW+4BaFmM8...
2026-04-20 19:53:28 info: [WA] QR Code Baru Dihasilkan: 2@TbX8+s49mRFs4SiHer...
2026-04-20 19:53:48 info: [WA] QR Code Baru Dihasilkan: 2@1/A1rJ9H38yQR9VX7Y...
2026-04-20 19:54:08 info: [WA] QR Code Baru Dihasilkan: 2@x+zafuPzsQJ2PwXY+2...
2026-04-20 19:54:28 info: [WA] Connection Update: close
2026-04-20 19:54:28 warn: WhatsApp terputus (kode 408). Mencoba reconnect dalam 3 detik...
2026-04-20 19:54:31 info: [WA] Connection Update: connecting
2026-04-20 19:54:32 info: [WA] QR Code Baru Dihasilkan: 2@qcwX0eBcKyZrMXR1hV...
2026-04-20 19:55:32 info: [WA] QR Code Baru Dihasilkan: 2@+Gadd54Wt8cmruBY5E...
2026-04-20 19:55:52 info: [WA] QR Code Baru Dihasilkan: 2@nObls+AOAWMplIXlu2...
2026-04-20 19:56:12 info: [WA] QR Code Baru Dihasilkan: 2@GY5K7GfUwx/aJTvyZX...
2026-04-20 19:56:32 info: [WA] QR Code Baru Dihasilkan: 2@p70fLiM851kXK4ps7y...
2026-04-20 19:56:52 info: [WA] QR Code Baru Dihasilkan: 2@ommf+ZOiIg8uSykurI...
2026-04-20 19:57:12 info: [WA] Connection Update: close
2026-04-20 19:57:12 warn: WhatsApp terputus (kode 408). Mencoba reconnect dalam 3 detik...
2026-04-20 19:57:15 info: [WA] Connection Update: connecting
2026-04-20 19:57:16 info: [WA] QR Code Baru Dihasilkan: 2@wqi430FCXxrCHbhDUP...
2026-04-20 19:58:16 info: [WA] QR Code Baru Dihasilkan: 2@USt0l/59pVPCU+03rM...
2026-04-20 19:58:36 info: [WA] QR Code Baru Dihasilkan: 2@Ij/wpmsR8ZmcHNc50/...
2026-04-20 19:58:56 info: [WA] QR Code Baru Dihasilkan: 2@4aSqtgSe2V1DlqkNPY...
2026-04-20 19:59:16 info: [WA] QR Code Baru Dihasilkan: 2@gD27cjf3Hh/38vMvUl...
2026-04-20 19:59:36 info: [WA] QR Code Baru Dihasilkan: 2@ZJaMmO3NkcZ17/361C...
2026-04-20 19:59:56 info: [WA] Connection Update: close
2026-04-20 19:59:56 warn: WhatsApp terputus (kode 408). Mencoba reconnect dalam 3 detik...
2026-04-20 19:59:59 info: [WA] Connection Update: connecting
2026-04-20 20:00:00 info: [WA] QR Code Baru Dihasilkan: 2@XFfpQo1JGVKRJat9BM...
2026-04-20 20:01:00 info: [WA] QR Code Baru Dihasilkan: 2@XRNU/UIq41A7GpOT2k...
2026-04-20 20:01:20 info: [WA] QR Code Baru Dihasilkan: 2@586WqZDcKvveWK9Mrt...
2026-04-20 20:01:40 info: [WA] QR Code Baru Dihasilkan: 2@fndX9ZscbYDI7cmCRv...
2026-04-20 20:02:00 info: [WA] QR Code Baru Dihasilkan: 2@1smpiJsVcRadh3NalG...
2026-04-20 20:02:20 info: [WA] QR Code Baru Dihasilkan: 2@eYd8VqoMs7RnZfnBy0...
2026-04-20 20:02:40 info: [WA] Connection Update: close
2026-04-20 20:02:40 warn: WhatsApp terputus (kode 408). Mencoba reconnect dalam 3 detik...
2026-04-20 20:02:43 info: [WA] Connection Update: connecting
2026-04-20 20:02:44 info: [WA] QR Code Baru Dihasilkan: 2@wFLhBSIWiuZK7u4pJq...
2026-04-20 20:03:44 info: [WA] QR Code Baru Dihasilkan: 2@SrFsmzKeUMgRbs9Gg+...
2026-04-20 20:04:04 info: [WA] QR Code Baru Dihasilkan: 2@Mk14WeT15wJ9/k7OMA...
2026-04-20 20:04:24 info: [WA] QR Code Baru Dihasilkan: 2@I95NiUbMgxbRI82bDc...
2026-04-20 20:04:44 info: [WA] QR Code Baru Dihasilkan: 2@rVL//KXjYVMpyO75NM...
2026-04-20 20:05:04 info: [WA] QR Code Baru Dihasilkan: 2@d7S7yqo+mDUx2wCrBi...
2026-04-20 20:05:24 info: [WA] Connection Update: close
2026-04-20 20:05:24 warn: WhatsApp terputus (kode 408). Mencoba reconnect dalam 3 detik...
2026-04-20 20:05:27 info: [WA] Connection Update: connecting
2026-04-20 20:05:29 info: [WA] QR Code Baru Dihasilkan: 2@wa/bzrMU+QZqdi7Uth...
2026-04-20 20:12:23 info: [DB] Billing database ready
2026-04-20 20:13:09 info: [DB] Billing database ready
2026-04-20 20:13:10 info: Attempting to start server on configured port: 3001
2026-04-20 20:13:10 info: Mencoba memulai server pada port 3001...
2026-04-20 20:13:10 info: [CRON] Semua tugas penjadwalan telah aktif.
2026-04-20 20:13:10 info: Server berhasil berjalan pada port 3001
2026-04-20 20:13:10 info: Environment: development
2026-04-20 20:13:11 info: [WA] Connection Update: connecting
2026-04-20 20:13:12 info: [WA] QR Code Baru Dihasilkan: 2@itfqhbFt/kNKvrQWp9...
2026-04-20 20:14:12 info: [WA] QR Code Baru Dihasilkan: 2@HNRldiV0uZSf1zERAg...
2026-04-20 20:14:32 info: [WA] QR Code Baru Dihasilkan: 2@XEpKUhCunjPIQ5TEM2...
2026-04-20 20:14:52 info: [WA] QR Code Baru Dihasilkan: 2@67UM/3Epwf9so/+wYm...
2026-04-20 20:15:12 info: [WA] QR Code Baru Dihasilkan: 2@e0AeFWtY2Ke7RE8WYH...
2026-04-20 20:15:32 info: [WA] QR Code Baru Dihasilkan: 2@KX6gHRz6pxDr1+zXAZ...
2026-04-20 20:15:52 info: [WA] Connection Update: close
2026-04-20 20:15:52 warn: WhatsApp terputus (kode 408). Mencoba reconnect dalam 3 detik...
2026-04-20 20:15:55 info: [WA] Connection Update: connecting
2026-04-20 20:15:56 info: [WA] QR Code Baru Dihasilkan: 2@UguPAJS8UQRX3A/ZZE...
2026-04-20 20:16:56 info: [WA] QR Code Baru Dihasilkan: 2@c1sTiefX4+iogqrC7k...
2026-04-20 20:17:16 info: [WA] QR Code Baru Dihasilkan: 2@aqtfwaN/0kX043ErF6...
2026-04-20 20:17:36 info: [WA] QR Code Baru Dihasilkan: 2@o04/h+ibCdO7qeQIkA...
2026-04-20 20:17:56 info: [WA] QR Code Baru Dihasilkan: 2@I4MAcW85ihco+ZBLfx...
2026-04-20 20:18:16 info: [WA] QR Code Baru Dihasilkan: 2@NJU8godh+mz1lO7cn1...
2026-04-20 20:18:36 info: [WA] Connection Update: close
2026-04-20 20:18:36 warn: WhatsApp terputus (kode 408). Mencoba reconnect dalam 3 detik...
2026-04-20 20:18:40 info: [WA] Connection Update: connecting
2026-04-20 20:18:41 info: [WA] QR Code Baru Dihasilkan: 2@bZ3xoyKnSmW3l9wAJS...
2026-04-20 20:19:41 info: [WA] QR Code Baru Dihasilkan: 2@8nMUgxikcjMqri1uDm...
2026-04-20 20:20:01 info: [WA] QR Code Baru Dihasilkan: 2@jxJZaBi7EhqWOBE3bL...
2026-04-20 20:20:21 info: [WA] QR Code Baru Dihasilkan: 2@k11oqWIm78lM1bgrDj...
2026-04-20 20:20:41 info: [WA] QR Code Baru Dihasilkan: 2@WYOOaULAL8Zu6tYMKN...
2026-04-20 20:21:01 info: [WA] QR Code Baru Dihasilkan: 2@RERrf9cCCG27n9ka9G...
2026-04-20 20:21:21 info: [WA] Connection Update: close
2026-04-20 20:21:21 warn: WhatsApp terputus (kode 408). Mencoba reconnect dalam 3 detik...
2026-04-20 20:21:24 info: [WA] Connection Update: connecting
2026-04-20 20:21:25 info: [WA] QR Code Baru Dihasilkan: 2@OIOXOZA+5gqOxLC4hw...
2026-04-20 20:22:25 info: [WA] QR Code Baru Dihasilkan: 2@0rvCP2ndf90G8ERWqA...
2026-04-20 20:22:45 info: [WA] QR Code Baru Dihasilkan: 2@tL0nBbc9OIaO1s3p6o...
2026-04-20 20:23:05 info: [WA] QR Code Baru Dihasilkan: 2@3RXlIfeltU65GX/voa...
2026-04-20 20:23:25 info: [WA] QR Code Baru Dihasilkan: 2@g3DXVXTEUwcDceZ18T...
2026-04-20 20:23:45 info: [WA] QR Code Baru Dihasilkan: 2@EdSKLPXIU7YBENMSJR...
2026-04-20 20:24:05 info: [WA] Connection Update: close
2026-04-20 20:24:05 warn: WhatsApp terputus (kode 408). Mencoba reconnect dalam 3 detik...
2026-04-20 20:24:08 info: [WA] Connection Update: connecting
2026-04-20 20:24:09 info: [WA] QR Code Baru Dihasilkan: 2@v69W7sedWl0ZnNlua8...
2026-04-21 05:19:54 info: [DB] Billing database ready
2026-04-21 05:21:01 info: [DB] Billing database ready
2026-04-21 05:21:01 info: Attempting to start server on configured port: 3001
2026-04-21 05:21:01 info: Mencoba memulai server pada port 3001...
2026-04-21 05:21:02 info: [CRON] Semua tugas penjadwalan telah aktif.
2026-04-21 05:21:02 info: Server berhasil berjalan pada port 3001
2026-04-21 05:21:02 info: Environment: development
2026-04-21 05:21:04 info: [WA] Connection Update: connecting
2026-04-21 05:21:05 info: [WA] QR Code Baru Dihasilkan: 2@kgJ/LDi0qM7WkrxoxT...
2026-04-21 05:22:05 info: [WA] QR Code Baru Dihasilkan: 2@OdeCYCmdAMOJOxY5tz...
2026-04-21 05:22:25 info: [WA] QR Code Baru Dihasilkan: 2@umkdBOwleNrJU7A6CF...
2026-04-21 05:22:45 info: [WA] QR Code Baru Dihasilkan: 2@0mjyZPh8lz46OAwfVC...
2026-04-21 05:23:05 info: [WA] QR Code Baru Dihasilkan: 2@HQwv1BorE6uH9BAFeO...
2026-04-21 05:23:25 info: [WA] QR Code Baru Dihasilkan: 2@izlqPR45fG5ZaRh3wj...
2026-04-21 05:23:45 info: [WA] Connection Update: close
2026-04-21 05:23:45 warn: WhatsApp terputus (kode 408). Mencoba reconnect dalam 3 detik...
2026-04-21 05:23:48 info: [WA] Connection Update: connecting
2026-04-21 05:23:49 info: [WA] QR Code Baru Dihasilkan: 2@nmXRLwOHo8UpRjJWff...
2026-04-21 05:36:49 info: [DB] Billing database ready
2026-04-21 05:36:49 info: Attempting to start server on configured port: 3001
2026-04-21 05:36:49 info: Mencoba memulai server pada port 3001...
2026-04-21 05:36:49 info: [CRON] Semua tugas penjadwalan telah aktif.
2026-04-21 05:36:49 info: Server berhasil berjalan pada port 3001
2026-04-21 05:36:49 info: Environment: development
2026-04-21 05:36:50 info: [WA] Connection Update: connecting
2026-04-21 05:36:52 info: [WA] QR Code Baru Dihasilkan: 2@EyxpaiJJ15AA/xF+qe...
2026-04-21 05:37:52 info: [WA] QR Code Baru Dihasilkan: 2@FdNYYfzmdje1B9EGS2...
2026-04-21 05:38:12 info: [WA] QR Code Baru Dihasilkan: 2@UWxmeWq65ouyabGxx6...
2026-04-21 05:38:32 info: [WA] QR Code Baru Dihasilkan: 2@DguRhHIEPQLTwjsLcx...
2026-04-21 05:38:52 info: [WA] QR Code Baru Dihasilkan: 2@nYTQTEgqLodnBWltKt...
2026-04-21 05:39:12 info: [WA] QR Code Baru Dihasilkan: 2@7W+FqefVLieoGxsaIH...
2026-04-21 05:39:32 info: [WA] Connection Update: close
2026-04-21 05:39:32 warn: WhatsApp terputus (kode 408). Mencoba reconnect dalam 3 detik...
2026-04-21 05:39:35 info: [WA] Connection Update: connecting
2026-04-21 05:39:36 info: [WA] QR Code Baru Dihasilkan: 2@DKE4vv1JRPoGDF/hn5...
2026-04-21 05:40:30 info: [DB] Billing database ready
2026-04-21 05:40:30 info: Attempting to start server on configured port: 3001
2026-04-21 05:40:30 info: Mencoba memulai server pada port 3001...
2026-04-21 05:40:30 info: [CRON] Semua tugas penjadwalan telah aktif.
2026-04-21 05:40:30 info: Server berhasil berjalan pada port 3001
2026-04-21 05:40:30 info: Environment: development
2026-04-21 05:40:31 info: [WA] Connection Update: connecting
2026-04-21 05:40:32 info: [WA] QR Code Baru Dihasilkan: 2@3X4gcfelfuz3UZWopH...
2026-04-21 05:41:32 info: [WA] QR Code Baru Dihasilkan: 2@xCNsoMHM9D+Eq4T42i...
2026-04-21 05:41:52 info: [WA] QR Code Baru Dihasilkan: 2@DR7TXqjQnhob3oU/Bf...
2026-04-21 05:42:12 info: [WA] QR Code Baru Dihasilkan: 2@R1FBVqZaBq1wBlcEGc...
2026-04-21 05:42:32 info: [WA] QR Code Baru Dihasilkan: 2@UAvST2ox9+Kp39tbYv...
2026-04-21 05:42:52 info: [WA] QR Code Baru Dihasilkan: 2@+EyXPc+zsDuCE2BE62...
2026-04-21 05:43:12 info: [WA] Connection Update: close
2026-04-21 05:43:12 warn: WhatsApp terputus (kode 408). Mencoba reconnect dalam 3 detik...
2026-04-21 05:43:15 info: [WA] Connection Update: connecting
2026-04-21 05:43:16 info: [WA] QR Code Baru Dihasilkan: 2@HjtBFJLGQeyoxOKS+U...
2026-04-21 05:44:16 info: [WA] QR Code Baru Dihasilkan: 2@1R7d0TSnjw5xjKVgpr...
2026-04-21 05:44:36 info: [WA] QR Code Baru Dihasilkan: 2@PTwWt+5EGYR2lVBRQ5...
2026-04-21 05:44:56 info: [WA] QR Code Baru Dihasilkan: 2@FHK75dzw6jBUnj5Lh/...
2026-04-21 05:45:16 info: [WA] QR Code Baru Dihasilkan: 2@FQ61a0RMMPQF/lgz79...
2026-04-21 05:45:36 info: [WA] QR Code Baru Dihasilkan: 2@/KrJRxtARziSdOX4ml...
2026-04-21 05:45:56 info: [WA] Connection Update: close
2026-04-21 05:45:56 warn: WhatsApp terputus (kode 408). Mencoba reconnect dalam 3 detik...
2026-04-21 05:45:59 info: [WA] Connection Update: connecting
2026-04-21 05:46:00 info: [WA] QR Code Baru Dihasilkan: 2@scGX7FYnEbDg+0Zb3B...
2026-04-21 05:47:00 info: [WA] QR Code Baru Dihasilkan: 2@8IZFhxd1lCSlg288MQ...
2026-04-21 05:47:20 info: [WA] QR Code Baru Dihasilkan: 2@WIf1wxJ4JgS/WXqN77...
2026-04-21 05:47:40 info: [WA] QR Code Baru Dihasilkan: 2@24zVJjNKjZ/i8mUc8h...
2026-04-21 05:48:00 info: [WA] QR Code Baru Dihasilkan: 2@WekMHWqOjNqvtMX2n5...
2026-04-21 05:48:20 info: [WA] QR Code Baru Dihasilkan: 2@yoJVSZbwwtx4/ng85S...
2026-04-21 05:48:40 info: [WA] Connection Update: close
2026-04-21 05:48:40 warn: WhatsApp terputus (kode 408). Mencoba reconnect dalam 3 detik...
2026-04-21 05:48:43 info: [WA] Connection Update: connecting
2026-04-21 05:48:44 info: [WA] QR Code Baru Dihasilkan: 2@qI95jUoBs/0ex/+FZZ...
2026-04-21 05:49:44 info: [WA] QR Code Baru Dihasilkan: 2@bW4cF3V4N1GmEUYmz1...
2026-04-21 05:50:04 info: [WA] QR Code Baru Dihasilkan: 2@b/iaB7n++BoK0p+6kI...
2026-04-21 05:50:24 info: [WA] QR Code Baru Dihasilkan: 2@+wI82ODRibj6TcSYhQ...
2026-04-21 05:50:44 info: [WA] QR Code Baru Dihasilkan: 2@42v3CRLNwfnLETHXXu...
2026-04-21 05:53:40 info: [DB] Billing database ready
2026-04-21 05:53:40 info: Attempting to start server on configured port: 3001
2026-04-21 05:53:40 info: Mencoba memulai server pada port 3001...
2026-04-21 05:53:40 info: [CRON] Semua tugas penjadwalan telah aktif.
2026-04-21 05:53:40 info: Server berhasil berjalan pada port 3001
2026-04-21 05:53:40 info: Environment: development
2026-04-21 05:53:42 info: [WA] Connection Update: connecting
2026-04-21 05:53:42 info: [WA] QR Code Baru Dihasilkan: 2@P0diZ43WJ5VJNRDOJd...
2026-04-21 05:54:42 info: [WA] QR Code Baru Dihasilkan: 2@b3asAjI55OBqWrZDeE...
2026-04-21 05:55:02 info: [WA] QR Code Baru Dihasilkan: 2@vNmM3Sc/ap9ZdHVAai...
2026-04-21 05:55:22 info: [WA] QR Code Baru Dihasilkan: 2@2i2CtIbnaudHNZD1z2...
2026-04-21 05:55:43 info: [WA] QR Code Baru Dihasilkan: 2@67Mw8PfHBrFNuP1Xyt...
2026-04-21 05:56:03 info: [WA] QR Code Baru Dihasilkan: 2@kukoiUEvpk5z6mN+8x...
2026-04-21 05:56:23 info: [WA] Connection Update: close
2026-04-21 05:56:23 warn: WhatsApp terputus (kode 408). Mencoba reconnect dalam 3 detik...
2026-04-21 05:56:26 info: [WA] Connection Update: connecting
2026-04-21 05:56:26 info: [WA] QR Code Baru Dihasilkan: 2@F54LPjkISFz5a9SE2U...
2026-04-21 05:57:26 info: [WA] QR Code Baru Dihasilkan: 2@12dDxA6SpXvYO1o3kz...
2026-04-21 05:57:46 info: [WA] QR Code Baru Dihasilkan: 2@XJZYNhUdCCet7F93Jk...
2026-04-21 05:58:07 info: [WA] QR Code Baru Dihasilkan: 2@fuHaS7SCLz9RgheNz5...
2026-04-21 05:58:27 info: [WA] QR Code Baru Dihasilkan: 2@3UrdCETjaiJ7PM9qUg...
2026-04-21 05:58:47 info: [WA] QR Code Baru Dihasilkan: 2@iggfB5P6BkmX+9q6DQ...
2026-04-21 05:59:07 info: [WA] Connection Update: close
2026-04-21 05:59:07 warn: WhatsApp terputus (kode 408). Mencoba reconnect dalam 3 detik...
2026-04-21 05:59:10 info: [WA] Connection Update: connecting
2026-04-21 05:59:10 info: [WA] QR Code Baru Dihasilkan: 2@QgOv3p78OLRzu43n0t...
2026-04-21 06:01:07 info: [DB] Billing database ready
2026-04-21 06:01:08 info: Attempting to start server on configured port: 3001
2026-04-21 06:01:08 info: Mencoba memulai server pada port 3001...
2026-04-21 06:01:08 info: [CRON] Semua tugas penjadwalan telah aktif.
2026-04-21 06:01:08 info: Server berhasil berjalan pada port 3001
2026-04-21 06:01:08 info: Environment: development
2026-04-21 06:01:09 info: [WA] Connection Update: connecting
2026-04-21 06:01:10 info: [WA] QR Code Baru Dihasilkan: 2@aoARB0bzzgLNSsDIRy...
2026-04-21 06:02:10 info: [WA] QR Code Baru Dihasilkan: 2@zlL26x6kPIVYalETxA...
2026-04-21 06:02:30 info: [WA] QR Code Baru Dihasilkan: 2@KMntl+bd+VhOU8cApP...
2026-04-21 06:02:50 info: [WA] QR Code Baru Dihasilkan: 2@1fzhswTnMutvuf4yfg...
2026-04-21 06:03:10 info: [WA] QR Code Baru Dihasilkan: 2@QLNSm2Cgac6RsdpUcq...
2026-04-21 06:03:30 info: [WA] QR Code Baru Dihasilkan: 2@Q/S09neU7NcLOkqnFc...
2026-04-21 06:03:50 info: [WA] Connection Update: close
2026-04-21 06:03:50 warn: WhatsApp terputus (kode 408). Mencoba reconnect dalam 3 detik...
2026-04-21 06:03:53 info: [WA] Connection Update: connecting
2026-04-21 06:03:54 info: [WA] QR Code Baru Dihasilkan: 2@ISqkk/gxMzYMJMB3YQ...
2026-04-21 06:04:54 info: [WA] QR Code Baru Dihasilkan: 2@tjJEG65LneXYli4ha2...
2026-04-21 06:05:14 info: [WA] QR Code Baru Dihasilkan: 2@7FGsCfkW3sioH2ThnJ...
2026-04-21 06:05:34 info: [WA] QR Code Baru Dihasilkan: 2@kjbZESQOiBMiTAXASj...
2026-04-21 06:05:54 info: [WA] QR Code Baru Dihasilkan: 2@zZ3jzVqtTVX2+/Dp4Q...
2026-04-21 06:06:14 info: [WA] QR Code Baru Dihasilkan: 2@L0f8TMlXMm0c6J7rk7...
2026-04-21 06:06:34 info: [WA] Connection Update: close
2026-04-21 06:06:34 warn: WhatsApp terputus (kode 408). Mencoba reconnect dalam 3 detik...
2026-04-21 06:06:37 info: [WA] Connection Update: connecting
2026-04-21 06:06:39 info: [WA] QR Code Baru Dihasilkan: 2@8bBf9nraK/vL0uMFRU...
2026-04-21 06:07:10 info: [MikroTik] Profile for serveroki is already BRONZE. Skipping update and kick.
2026-04-21 06:07:39 info: [WA] QR Code Baru Dihasilkan: 2@csWC8FnvdzeC0RU/it...
2026-04-21 06:07:59 info: [WA] QR Code Baru Dihasilkan: 2@3OiWlEUupQHh3G62Gb...
2026-04-21 06:08:19 info: [WA] QR Code Baru Dihasilkan: 2@hj7/BvYeP7JGeWovEp...
2026-04-21 06:08:39 info: [WA] QR Code Baru Dihasilkan: 2@/DomnlMR6OImf3uW9I...
2026-04-21 06:08:59 info: [WA] QR Code Baru Dihasilkan: 2@6LObiFdkTnhoSV5Gek...
2026-04-21 06:09:19 info: [WA] Connection Update: close
2026-04-21 06:09:19 warn: WhatsApp terputus (kode 408). Mencoba reconnect dalam 3 detik...
2026-04-21 06:09:25 info: [DB] Billing database ready
2026-04-21 06:09:25 info: Attempting to start server on configured port: 3001
2026-04-21 06:09:25 info: Mencoba memulai server pada port 3001...
2026-04-21 06:09:25 info: [CRON] Semua tugas penjadwalan telah aktif.
2026-04-21 06:09:25 info: Server berhasil berjalan pada port 3001
2026-04-21 06:09:25 info: Environment: development
2026-04-21 06:09:26 info: [WA] Connection Update: connecting
2026-04-21 06:09:27 info: [WA] QR Code Baru Dihasilkan: 2@EI5I4vWRfjOo5LJQlw...
2026-04-21 06:10:27 info: [WA] QR Code Baru Dihasilkan: 2@zPH7Vo7+H1UCJAloag...
2026-04-21 06:10:47 info: [WA] QR Code Baru Dihasilkan: 2@VE4cgluynR5TUfLp4c...
2026-04-21 06:11:07 info: [WA] QR Code Baru Dihasilkan: 2@b+X99nMiwEVwFFz5FQ...
2026-04-21 06:11:27 info: [WA] QR Code Baru Dihasilkan: 2@4YBS8xtvupzNRiBNO2...
2026-04-21 06:11:47 info: [WA] QR Code Baru Dihasilkan: 2@utXLWYI47kJ9RiR0pF...
2026-04-21 06:12:07 info: [WA] Connection Update: close
2026-04-21 06:12:07 warn: WhatsApp terputus (kode 408). Mencoba reconnect dalam 3 detik...
2026-04-21 06:12:10 info: [WA] Connection Update: connecting
2026-04-21 06:12:11 info: [WA] QR Code Baru Dihasilkan: 2@d7Q/gZf9YLajMOJjIO...
2026-04-21 06:13:11 info: [WA] QR Code Baru Dihasilkan: 2@5MYxDbnApg6ejuKHZi...
2026-04-21 06:13:31 info: [WA] QR Code Baru Dihasilkan: 2@dbHqvwJ105rRZTHgYB...
2026-04-21 06:13:51 info: [WA] QR Code Baru Dihasilkan: 2@On/rYRWaej25t5ZofF...
2026-04-21 06:14:11 info: [WA] QR Code Baru Dihasilkan: 2@NyI1jvfOIwG1AxsBZw...
2026-04-21 06:14:31 info: [WA] QR Code Baru Dihasilkan: 2@BLO01oX8DGYramEF5S...
2026-04-21 06:14:51 info: [WA] Connection Update: close
2026-04-21 06:14:51 warn: WhatsApp terputus (kode 408). Mencoba reconnect dalam 3 detik...
2026-04-21 06:14:55 info: [WA] Connection Update: connecting
2026-04-21 06:14:55 info: [WA] QR Code Baru Dihasilkan: 2@ZD2BLsfnVqYhnniwJu...
2026-04-21 06:15:17 info: [MikroTik] Profile for serveroki is already BRONZE. Skipping update and kick.
2026-04-21 06:15:55 info: [WA] QR Code Baru Dihasilkan: 2@C0r3ePYdnGAKjshJDb...
2026-04-21 06:16:15 info: [WA] QR Code Baru Dihasilkan: 2@0nC0knN6dfj3ECE3sc...
2026-04-21 06:16:35 info: [WA] QR Code Baru Dihasilkan: 2@QoartDgjE2Vo4dMQnw...
2026-04-21 06:16:55 info: [WA] QR Code Baru Dihasilkan: 2@50Of8W4Ni7L5gRD5Ng...
2026-04-21 06:17:16 info: [WA] QR Code Baru Dihasilkan: 2@Ys8xCuv+VYUazxCS2F...
2026-04-21 06:17:36 info: [WA] Connection Update: close
2026-04-21 06:17:36 warn: WhatsApp terputus (kode 408). Mencoba reconnect dalam 3 detik...
2026-04-21 06:17:39 info: [WA] Connection Update: connecting
2026-04-21 06:17:40 info: [WA] QR Code Baru Dihasilkan: 2@gYK3zPVwBVuynfompz...
2026-04-21 06:18:40 info: [WA] QR Code Baru Dihasilkan: 2@x/wrlBObarQDV39y4T...
2026-04-21 06:19:00 info: [WA] QR Code Baru Dihasilkan: 2@de5Xilt7I7qFPeqquu...
2026-04-21 06:19:20 info: [WA] QR Code Baru Dihasilkan: 2@EjNpyoxsbQdrxRyjAO...
2026-04-21 06:19:40 info: [WA] QR Code Baru Dihasilkan: 2@ZdMTeAPEzaEvJeEHOA...
2026-04-21 06:20:00 info: [WA] QR Code Baru Dihasilkan: 2@UWRwfbQX7pkAq0i+6a...
2026-04-21 06:20:20 info: [WA] Connection Update: close
2026-04-21 06:20:20 warn: WhatsApp terputus (kode 408). Mencoba reconnect dalam 3 detik...
2026-04-21 06:20:23 info: [WA] Connection Update: connecting
2026-04-21 06:20:24 info: [WA] QR Code Baru Dihasilkan: 2@bWtHMu6qWgDZ0oGlAf...
2026-04-21 06:21:24 info: [WA] QR Code Baru Dihasilkan: 2@kXfrkSqDMm9qvUrwKJ...
2026-04-21 06:21:44 info: [WA] QR Code Baru Dihasilkan: 2@z63mv9Lzqbp+wDtoyr...
2026-04-21 06:22:04 info: [WA] QR Code Baru Dihasilkan: 2@Xd0uBCqtSn8+yN6noS...
2026-04-21 06:22:24 info: [WA] QR Code Baru Dihasilkan: 2@Mwq7dgJDUdHCjKXDwC...
2026-04-21 06:22:44 info: [WA] QR Code Baru Dihasilkan: 2@k02AkXDsNu9bU0MKZB...
2026-04-21 06:23:04 info: [WA] Connection Update: close
2026-04-21 06:23:04 warn: WhatsApp terputus (kode 408). Mencoba reconnect dalam 3 detik...
2026-04-21 06:23:07 info: [WA] Connection Update: connecting
2026-04-21 06:23:08 info: [WA] QR Code Baru Dihasilkan: 2@Ldha3QUSS+guu+zZGM...
2026-04-21 06:24:08 info: [WA] QR Code Baru Dihasilkan: 2@/ZtUUQUi7Q0I20tdwu...
2026-04-21 06:24:28 info: [WA] QR Code Baru Dihasilkan: 2@p4pWaO+rUk/8Hlypfa...
2026-04-21 06:24:48 info: [WA] QR Code Baru Dihasilkan: 2@x2Eqa8LNWYEI+47efU...
2026-04-21 06:25:15 info: [DB] Billing database ready
2026-04-21 06:25:16 info: Attempting to start server on configured port: 3001
2026-04-21 06:25:16 info: Mencoba memulai server pada port 3001...
2026-04-21 06:25:16 info: [CRON] Semua tugas penjadwalan telah aktif.
2026-04-21 06:25:16 info: Server berhasil berjalan pada port 3001
2026-04-21 06:25:16 info: Environment: development
2026-04-21 06:25:17 info: [WA] Connection Update: connecting
2026-04-21 06:25:18 info: [WA] QR Code Baru Dihasilkan: 2@QqqRICWib4YvI9dDvx...
2026-04-21 06:26:18 info: [WA] QR Code Baru Dihasilkan: 2@0iZ0z9yKYNWrULj8Ec...
2026-04-21 06:26:38 info: [WA] QR Code Baru Dihasilkan: 2@I5Sv9bJlwGFQ8+BxDS...
2026-04-21 06:27:16 info: [DB] Billing database ready
2026-04-21 06:27:16 info: Attempting to start server on configured port: 3001
2026-04-21 06:27:16 info: Mencoba memulai server pada port 3001...
2026-04-21 06:27:17 info: [CRON] Semua tugas penjadwalan telah aktif.
2026-04-21 06:27:17 info: Server berhasil berjalan pada port 3001
2026-04-21 06:27:17 info: Environment: development
2026-04-21 06:27:18 info: [WA] Connection Update: connecting
2026-04-21 06:27:18 info: [WA] QR Code Baru Dihasilkan: 2@ec9SqWwBU0F4w1ZXIJ...
2026-04-21 06:27:36 info: [MikroTik] Profile for serveroki is already BRONZE. Skipping update and kick.
2026-04-21 06:28:18 info: [WA] QR Code Baru Dihasilkan: 2@mS9uGflbjlfCn5ivWq...
2026-04-22 22:09:37 info: [settings] Memantau perubahan settings.json
2026-04-22 22:09:37 info: [DB] Billing database ready
2026-04-22 22:09:37 info: Attempting to start server on configured port: 4000
2026-04-22 22:09:37 info: Mencoba memulai server pada port 4000...
2026-04-22 22:09:37 info: [CRON] Semua tugas penjadwalan telah aktif.
2026-04-22 22:09:37 info: Server berhasil berjalan pada port 4000
2026-04-22 22:09:37 info: Environment: development
2026-04-22 22:09:38 info: [WA] Connection Update: connecting
2026-04-22 22:09:40 info: [WA] QR Code Baru Dihasilkan: 2@G9LHmwIXJtAekMTnd1...
2026-04-22 22:10:23 error: Failed to connect to MikroTik (192.168.8.1):
2026-04-22 22:10:23 error: Error getting active Hotspot sessions:
2026-04-22 22:10:23 error: Failed to connect to MikroTik (192.168.8.1):
2026-04-22 22:10:23 error: Error getting PPPoE secrets:
2026-04-22 22:10:23 error: Failed to connect to MikroTik (192.168.8.1):
2026-04-22 22:10:23 error: Error getting Hotspot users:
2026-04-22 22:10:23 error: Failed to connect to MikroTik (192.168.8.1):
2026-04-22 22:10:23 error: Error getting active PPPoE sessions:
2026-04-22 22:10:30 error: Failed to connect to MikroTik (192.168.8.1):
2026-04-22 22:10:30 error: Error getting Hotspot user profiles:
2026-04-22 22:10:30 error: Failed to connect to MikroTik (192.168.8.1):
2026-04-22 22:10:30 error: Error getting PPPoE profiles:
2026-04-22 22:10:40 info: [WA] QR Code Baru Dihasilkan: 2@Oh+6fFVi/EWEsH4rz2...
2026-04-22 22:10:44 error: Failed to connect to MikroTik (192.168.8.1):
2026-04-22 22:10:44 error: Error getting Hotspot user profiles:
2026-04-22 22:11:00 info: [WA] QR Code Baru Dihasilkan: 2@5knENoiyZ6cXSTItrd...
2026-04-22 22:11:20 info: [WA] QR Code Baru Dihasilkan: 2@r1yV3tJU7eqNj2S56P...
2026-04-22 22:11:40 info: [WA] QR Code Baru Dihasilkan: 2@t07F9f04gI4ka6cot3...
2026-04-22 22:12:00 info: [WA] QR Code Baru Dihasilkan: 2@tZK+1TlYi1D9Oh5yd9...
2026-04-22 22:12:15 error: Failed to connect to MikroTik (192.168.8.1):
2026-04-22 22:12:15 error: Error getting PPPoE users:
2026-04-22 22:12:15 error: Failed to connect to MikroTik (192.168.8.1):
2026-04-22 22:12:15 error: Error getting PPPoE profiles:
2026-04-22 22:12:20 error: Failed to connect to MikroTik (192.168.8.1):
2026-04-22 22:12:20 error: Error getting PPPoE secrets:
2026-04-22 22:12:20 error: Failed to connect to MikroTik (192.168.8.1):
2026-04-22 22:12:20 error: Error getting active PPPoE sessions:
2026-04-22 22:12:20 info: [WA] Connection Update: close
2026-04-22 22:12:20 warn: WhatsApp terputus (kode 408). Mencoba reconnect dalam 3 detik...
2026-04-22 22:12:24 info: [WA] Connection Update: connecting
2026-04-22 22:12:25 info: [WA] QR Code Baru Dihasilkan: 2@IuyWf4CkeooZlnlp56...
2026-04-22 22:12:36 error: Failed to connect to MikroTik (192.168.8.1):
2026-04-22 22:12:36 error: Error getting active Hotspot sessions:
2026-04-22 22:12:36 error: Failed to connect to MikroTik (192.168.8.1):
2026-04-22 22:12:36 error: Error getting Hotspot users:
2026-04-22 22:12:38 error: Failed to connect to MikroTik (192.168.8.1):
2026-04-22 22:12:38 error: Error getting PPPoE profiles:
2026-04-22 22:12:38 error: Failed to connect to MikroTik (192.168.8.1):
2026-04-22 22:12:38 error: Error getting Hotspot user profiles:
2026-04-22 22:12:41 error: Failed to connect to MikroTik (192.168.8.1):
2026-04-22 22:12:41 error: Error getting PPPoE users:
